#
# There is insufficient memory for the Java Runtime Environment to continue.
# Native memory allocation (malloc) failed to allocate 32744 bytes for ChunkPool::allocate
# Possible reasons:
#   The system is out of physical RAM or swap space
#   In 32 bit mode, the process size limit was hit
# Possible solutions:
#   Reduce memory load on the system
#   Increase physical memory or swap space
#   Check if swap backing store is full
#   Use 64 bit Java on a 64 bit OS
#   Decrease Java heap size (-Xmx/-Xms)
#   Decrease number of Java threads
#   Decrease Java thread stack sizes (-Xss)
#   Set larger code cache with -XX:ReservedCodeCacheSize=
# This output file may be truncated or incomplete.
#
#  Out of Memory Error (allocation.cpp:273), pid=7992, tid=4700
#
# JRE version: Java(TM) SE Runtime Environment (8.0_31-b13) (build 1.8.0_31-b13)
# Java VM: Java HotSpot(TM) 64-Bit Server VM (25.31-b07 mixed mode windows-amd64 compressed oops)
# Failed to write core dump. Minidumps are not enabled by default on client versions of Windows
#

---------------  T H R E A D  ---------------

Current thread (0x00000000153ae800):  JavaThread "C2 CompilerThread0" daemon [_thread_in_native, id=4700, stack(0x0000000016910000,0x0000000016a10000)]

Stack: [0x0000000016910000,0x0000000016a10000]
Native frames: (J=compiled Java code, j=interpreted, Vv=VM code, C=native code)
V  [jvm.dll+0x3169ba]


Current CompileTask:
C2:   6172 1427       4       com.android.dx.ssa.SsaRenamer$BlockRenamer::process (191 bytes)


---------------  P R O C E S S  ---------------

Java Threads: ( => current thread )
  0x0000000017000800 JavaThread "pool-1-thread-4" [_thread_blocked, id=3980, stack(0x0000000017610000,0x0000000017710000)]
  0x0000000017000000 JavaThread "pool-1-thread-3" [_thread_blocked, id=6596, stack(0x0000000017510000,0x0000000017610000)]
  0x0000000016ff2000 JavaThread "pool-1-thread-2" [_thread_in_vm, id=7432, stack(0x0000000017410000,0x0000000017510000)]
  0x0000000016ff1000 JavaThread "pool-2-thread-1" [_thread_blocked, id=4800, stack(0x0000000017310000,0x0000000017410000)]
  0x0000000016ff0800 JavaThread "pool-1-thread-1" [_thread_blocked, id=9664, stack(0x0000000017210000,0x0000000017310000)]
  0x000000001540b800 JavaThread "Service Thread" daemon [_thread_blocked, id=13776, stack(0x0000000016c10000,0x0000000016d10000)]
  0x0000000015405000 JavaThread "C1 CompilerThread2" daemon [_thread_blocked, id=11656, stack(0x0000000016b10000,0x0000000016c10000)]
  0x00000000153f8800 JavaThread "C2 CompilerThread1" daemon [_thread_in_native, id=5928, stack(0x0000000016a10000,0x0000000016b10000)]
=>0x00000000153ae800 JavaThread "C2 CompilerThread0" daemon [_thread_in_native, id=4700, stack(0x0000000016910000,0x0000000016a10000)]
  0x00000000153ac000 JavaThread "Attach Listener" daemon [_thread_blocked, id=3568, stack(0x0000000016810000,0x0000000016910000)]
  0x00000000153ab000 JavaThread "Signal Dispatcher" daemon [_thread_blocked, id=13620, stack(0x0000000016710000,0x0000000016810000)]
  0x0000000002ccf000 JavaThread "Finalizer" daemon [_thread_blocked, id=11672, stack(0x0000000016610000,0x0000000016710000)]
  0x0000000002ccc000 JavaThread "Reference Handler" daemon [_thread_blocked, id=876, stack(0x0000000016510000,0x0000000016610000)]
  0x0000000002add800 JavaThread "main" [_thread_blocked, id=2892, stack(0x0000000002ae0000,0x0000000002be0000)]

Other Threads:
  0x0000000015375800 VMThread [stack: 0x0000000016410000,0x0000000016510000] [id=5040]
  0x000000001540e800 WatcherThread [stack: 0x0000000017110000,0x0000000017210000] [id=3712]

VM state:not at safepoint (normal execution)

VM Mutex/Monitor currently owned by a thread: None

Heap:
 PSYoungGen      total 56832K, used 7654K [0x00000000eab00000, 0x00000000f1a00000, 0x0000000100000000)
  eden space 49152K, 0% used [0x00000000eab00000,0x00000000eab00018,0x00000000edb00000)
  from space 7680K, 99% used [0x00000000edb00000,0x00000000ee279898,0x00000000ee280000)
  to   space 7680K, 0% used [0x00000000f1280000,0x00000000f1280000,0x00000000f1a00000)
 ParOldGen       total 130048K, used 213K [0x00000000c0000000, 0x00000000c7f00000, 0x00000000eab00000)
  object space 130048K, 0% used [0x00000000c0000000,0x00000000c0035560,0x00000000c7f00000)
 Metaspace       used 6102K, capacity 7024K, committed 7296K, reserved 1056768K
  class space    used 590K, capacity 616K, committed 640K, reserved 1048576K

Card table byte_map: [0x00000000120a0000,0x00000000122b0000] byte_map_base: 0x0000000011aa0000

Marking Bits: (ParMarkBitMap*) 0x0000000074ecd4f0
 Begin Bits: [0x0000000012810000, 0x0000000013810000)
 End Bits:   [0x0000000013810000, 0x0000000014810000)

Polling page: 0x0000000001140000

CodeCache: size=245760Kb used=5857Kb max_used=5857Kb free=239902Kb
 bounds [0x0000000002ce0000, 0x00000000032a0000, 0x0000000011ce0000]
 total_blobs=1717 nmethods=1453 adapters=178
 compilation: enabled

Compilation events (10 events):
Event: 5.859 Thread 0x0000000015405000 nmethod 1455 0x0000000003298590 code [0x0000000003298780, 0x0000000003299078]
Event: 5.860 Thread 0x0000000015405000 1456       1       com.android.dx.rop.cst.CstType::isCategory2 (2 bytes)
Event: 5.860 Thread 0x0000000015405000 nmethod 1456 0x0000000003271b90 code [0x0000000003271ce0, 0x0000000003271df0]
Event: 5.861 Thread 0x0000000015405000 1457       3       com.android.dx.rop.type.Type::isReference (15 bytes)
Event: 5.861 Thread 0x0000000015405000 nmethod 1457 0x0000000003299350 code [0x00000000032994a0, 0x0000000003299650]
Event: 5.862 Thread 0x0000000015405000 1459       3       com.android.dx.dex.file.CodeItem::<init> (81 bytes)
Event: 5.862 Thread 0x0000000015405000 nmethod 1459 0x00000000032996d0 code [0x0000000003299880, 0x0000000003299d38]
Event: 5.864 Thread 0x0000000015405000 1461       3       com.android.dx.cf.code.BasicBlocker::visitBranch (98 bytes)
Event: 5.866 Thread 0x0000000015405000 nmethod 1461 0x0000000003299ed0 code [0x000000000329a1c0, 0x000000000329b758]
Event: 5.866 Thread 0x0000000015405000 1462       3       com.android.dx.cf.code.Simulator$SimVisitor::visitBranch (341 bytes)

GC Heap History (2 events):
Event: 5.868 GC heap before
{Heap before GC invocations=1 (full 0):
 PSYoungGen      total 56832K, used 49152K [0x00000000eab00000, 0x00000000eea00000, 0x0000000100000000)
  eden space 49152K, 100% used [0x00000000eab00000,0x00000000edb00000,0x00000000edb00000)
  from space 7680K, 0% used [0x00000000ee280000,0x00000000ee280000,0x00000000eea00000)
  to   space 7680K, 0% used [0x00000000edb00000,0x00000000edb00000,0x00000000ee280000)
 ParOldGen       total 130048K, used 0K [0x00000000c0000000, 0x00000000c7f00000, 0x00000000eab00000)
  object space 130048K, 0% used [0x00000000c0000000,0x00000000c0000000,0x00000000c7f00000)
 Metaspace       used 6096K, capacity 7024K, committed 7296K, reserved 1056768K
  class space    used 590K, capacity 616K, committed 640K, reserved 1048576K
Event: 6.150 GC heap after
Heap after GC invocations=1 (full 0):
 PSYoungGen      total 56832K, used 7654K [0x00000000eab00000, 0x00000000f1a00000, 0x0000000100000000)
  eden space 49152K, 0% used [0x00000000eab00000,0x00000000eab00000,0x00000000edb00000)
  from space 7680K, 99% used [0x00000000edb00000,0x00000000ee279898,0x00000000ee280000)
  to   space 7680K, 0% used [0x00000000f1280000,0x00000000f1280000,0x00000000f1a00000)
 ParOldGen       total 130048K, used 213K [0x00000000c0000000, 0x00000000c7f00000, 0x00000000eab00000)
  object space 130048K, 0% used [0x00000000c0000000,0x00000000c0035560,0x00000000c7f00000)
 Metaspace       used 6096K, capacity 7024K, committed 7296K, reserved 1056768K
  class space    used 590K, capacity 616K, committed 640K, reserved 1048576K
}

Deoptimization events (6 events):
Event: 4.510 Thread 0x0000000016ff0800 Uncommon trap: reason=class_check action=maybe_recompile pc=0x00000000030a3a50 method=com.android.dx.rop.type.Type.equals(Ljava/lang/Object;)Z @ 8
Event: 4.510 Thread 0x0000000016ff0800 Uncommon trap: reason=class_check action=maybe_recompile pc=0x00000000030a3a50 method=com.android.dx.rop.type.Type.equals(Ljava/lang/Object;)Z @ 8
Event: 4.510 Thread 0x0000000016ff0800 Uncommon trap: reason=class_check action=maybe_recompile pc=0x00000000030a3a50 method=com.android.dx.rop.type.Type.equals(Ljava/lang/Object;)Z @ 8
Event: 4.510 Thread 0x0000000016ff0800 Uncommon trap: reason=class_check action=maybe_recompile pc=0x00000000030a3a50 method=com.android.dx.rop.type.Type.equals(Ljava/lang/Object;)Z @ 8
Event: 4.665 Thread 0x0000000016ff0800 Uncommon trap: reason=unreached action=reinterpret pc=0x000000000306035c method=com.android.dx.rop.cst.Constant.compareTo(Lcom/android/dx/rop/cst/Constant;)I @ 12
Event: 4.667 Thread 0x0000000016ff0800 Uncommon trap: reason=class_check action=maybe_recompile pc=0x0000000003004738 method=com.android.dx.rop.type.Type.equals(Ljava/lang/Object;)Z @ 8

Internal exceptions (10 events):
Event: 3.157 Thread 0x0000000017000800 Exception <a 'java/security/PrivilegedActionException'> (0x00000000ebe3cd68) thrown at [C:\workspace\8-2-build-windows-amd64-cygwin\jdk8u31\2394\hotspot\src\share\vm\prims\jvm.cpp, line 1312]
Event: 4.214 Thread 0x0000000002add800 Exception <a 'java/security/PrivilegedActionException'> (0x00000000ebba1bc8) thrown at [C:\workspace\8-2-build-windows-amd64-cygwin\jdk8u31\2394\hotspot\src\share\vm\prims\jvm.cpp, line 1312]
Event: 4.468 Thread 0x0000000002add800 Exception <a 'java/security/PrivilegedActionException'> (0x00000000ebbca228) thrown at [C:\workspace\8-2-build-windows-amd64-cygwin\jdk8u31\2394\hotspot\src\share\vm\prims\jvm.cpp, line 1312]
Event: 4.469 Thread 0x0000000002add800 Exception <a 'java/security/PrivilegedActionException'> (0x00000000ebbd45a0) thrown at [C:\workspace\8-2-build-windows-amd64-cygwin\jdk8u31\2394\hotspot\src\share\vm\prims\jvm.cpp, line 1312]
Event: 4.470 Thread 0x0000000002add800 Exception <a 'java/security/PrivilegedActionException'> (0x00000000ebbd6ee8) thrown at [C:\workspace\8-2-build-windows-amd64-cygwin\jdk8u31\2394\hotspot\src\share\vm\prims\jvm.cpp, line 1312]
Event: 4.499 Thread 0x0000000002add800 Exception <a 'java/security/PrivilegedActionException'> (0x00000000ebbee9f8) thrown at [C:\workspace\8-2-build-windows-amd64-cygwin\jdk8u31\2394\hotspot\src\share\vm\prims\jvm.cpp, line 1312]
Event: 4.514 Thread 0x0000000016ff0800 Exception <a 'java/security/PrivilegedActionException'> (0x00000000ec15e428) thrown at [C:\workspace\8-2-build-windows-amd64-cygwin\jdk8u31\2394\hotspot\src\share\vm\prims\jvm.cpp, line 1312]
Event: 4.576 Thread 0x0000000017000800 Exception <a 'java/security/PrivilegedActionException'> (0x00000000ec345788) thrown at [C:\workspace\8-2-build-windows-amd64-cygwin\jdk8u31\2394\hotspot\src\share\vm\prims\jvm.cpp, line 1312]
Event: 4.578 Thread 0x0000000017000800 Exception <a 'java/security/PrivilegedActionException'> (0x00000000ec34b178) thrown at [C:\workspace\8-2-build-windows-amd64-cygwin\jdk8u31\2394\hotspot\src\share\vm\prims\jvm.cpp, line 1312]
Event: 4.579 Thread 0x0000000017000800 Exception <a 'java/security/PrivilegedActionException'> (0x00000000ec3508e8) thrown at [C:\workspace\8-2-build-windows-amd64-cygwin\jdk8u31\2394\hotspot\src\share\vm\prims\jvm.cpp, line 1312]

Events (10 events):
Event: 4.667 Thread 0x0000000016ff0800 DEOPT PACKING pc=0x0000000003004738 sp=0x000000001730e770
Event: 4.667 Thread 0x0000000016ff0800 DEOPT UNPACKING pc=0x0000000002d2556a sp=0x000000001730e4e8 mode 2
Event: 4.687 loading class java/util/TreeMap$EntrySet
Event: 4.688 loading class java/util/TreeMap$EntrySet done
Event: 4.688 loading class java/util/TreeMap$EntryIterator
Event: 4.688 loading class java/util/TreeMap$EntryIterator done
Event: 4.848 Executing VM operation: ForceSafepoint
Event: 5.017 Executing VM operation: ForceSafepoint done
Event: 5.867 Executing VM operation: ParallelGCFailedAllocation
Event: 6.150 Executing VM operation: ParallelGCFailedAllocation done


Dynamic libraries:
0x00007ff67cee0000 - 0x00007ff67cf14000 	C:\Program Files\Java\jdk1.8.0_31\bin\java.exe
0x00007fff762d0000 - 0x00007fff764a1000 	C:\WINDOWS\SYSTEM32\ntdll.dll
0x00007fff74c30000 - 0x00007fff74cdb000 	C:\WINDOWS\System32\KERNEL32.DLL
0x00007fff735e0000 - 0x00007fff737fd000 	C:\WINDOWS\System32\KERNELBASE.dll
0x00007fff73a10000 - 0x00007fff73ab2000 	C:\WINDOWS\System32\ADVAPI32.dll
0x00007fff74720000 - 0x00007fff747be000 	C:\WINDOWS\System32\msvcrt.dll
0x00007fff742c0000 - 0x00007fff74319000 	C:\WINDOWS\System32\sechost.dll
0x00007fff74070000 - 0x00007fff74191000 	C:\WINDOWS\System32\RPCRT4.dll
0x00007fff73dc0000 - 0x00007fff73f25000 	C:\WINDOWS\System32\USER32.dll
0x00007fff73290000 - 0x00007fff732ae000 	C:\WINDOWS\System32\win32u.dll
0x00007fff747c0000 - 0x00007fff747f4000 	C:\WINDOWS\System32\GDI32.dll
0x00007fff732b0000 - 0x00007fff73432000 	C:\WINDOWS\System32\gdi32full.dll
0x00007fff68530000 - 0x00007fff687a9000 	C:\WINDOWS\WinSxS\amd64_microsoft.windows.common-controls_6595b64144ccf1df_6.0.14393.447_none_42191651c6827bb3\COMCTL32.dll
0x00007fff74450000 - 0x00007fff74717000 	C:\WINDOWS\System32\combase.dll
0x00007fff734e0000 - 0x00007fff735d5000 	C:\WINDOWS\System32\ucrtbase.dll
0x00007fff728c0000 - 0x00007fff7292a000 	C:\WINDOWS\System32\bcryptPrimitives.dll
0x00007fff73cf0000 - 0x00007fff73d1e000 	C:\WINDOWS\System32\IMM32.DLL
0x00000000741f0000 - 0x00000000742c2000 	C:\Program Files\Java\jdk1.8.0_31\jre\bin\msvcr100.dll
0x00000000746f0000 - 0x0000000074f4a000 	C:\Program Files\Java\jdk1.8.0_31\jre\bin\server\jvm.dll
0x00007fff74d50000 - 0x00007fff74d58000 	C:\WINDOWS\System32\PSAPI.DLL
0x00007fff6c0b0000 - 0x00007fff6c0b9000 	C:\WINDOWS\SYSTEM32\WSOCK32.dll
0x00007fff74320000 - 0x00007fff7438a000 	C:\WINDOWS\System32\WS2_32.dll
0x00007fff70bf0000 - 0x00007fff70c13000 	C:\WINDOWS\SYSTEM32\WINMM.dll
0x00007fff70b60000 - 0x00007fff70b8b000 	C:\WINDOWS\SYSTEM32\WINMMBASE.dll
0x00007fff727c0000 - 0x00007fff72802000 	C:\WINDOWS\System32\cfgmgr32.dll
0x00000000746e0000 - 0x00000000746ef000 	C:\Program Files\Java\jdk1.8.0_31\jre\bin\verify.dll
0x00000000746b0000 - 0x00000000746d8000 	C:\Program Files\Java\jdk1.8.0_31\jre\bin\java.dll
0x0000000074690000 - 0x00000000746a6000 	C:\Program Files\Java\jdk1.8.0_31\jre\bin\zip.dll
0x00007fff74dc0000 - 0x00007fff762c9000 	C:\WINDOWS\System32\SHELL32.dll
0x00007fff72930000 - 0x00007fff7300a000 	C:\WINDOWS\System32\windows.storage.dll
0x00007fff72760000 - 0x00007fff727ac000 	C:\WINDOWS\System32\powrprof.dll
0x00007fff74d60000 - 0x00007fff74db2000 	C:\WINDOWS\System32\shlwapi.dll
0x00007fff72730000 - 0x00007fff7273f000 	C:\WINDOWS\System32\kernel.appcore.dll
0x00007fff73010000 - 0x00007fff730b9000 	C:\WINDOWS\System32\shcore.dll
0x00007fff72740000 - 0x00007fff72754000 	C:\WINDOWS\System32\profapi.dll
0x00007fff6bf10000 - 0x00007fff6c0a2000 	C:\WINDOWS\SYSTEM32\dbghelp.dll

VM Arguments:
jvm_args: -Djava.awt.headless=true -Xmx1024M -Dfile.encoding=windows-1252 -Duser.country=IN -Duser.language=en -Duser.variant 
java_command: com.android.dx.command.Main --dex --num-threads=4 --output C:\Users\prash\AndroidStudioProjects\ScavengerHunt1\app\build\intermediates\pre-dexed\debug\internal_impl-24.2.0_2dec7e68feb07f07b85f2363cd253e59a1c5e626.jar C:\Users\prash\AndroidStudioProjects\ScavengerHunt1\app\build\intermediates\exploded-aar\com.android.support\support-compat\24.2.0\jars\libs\internal_impl-24.2.0.jar
java_class_path (initial): C:\Users\prash\AppData\Local\Android\sdk\build-tools\24.0.2\lib\dx.jar
Launcher Type: SUN_STANDARD

Environment Variables:
PATH=C:\ProgramData\Oracle\Java\javapath;C:\Program Files (x86)\Intel\iCLS Client\;C:\Program Files\Intel\iCLS Client\;C:\WINDOWS\system32;C:\WINDOWS;C:\WINDOWS\System32\Wbem;C:\WINDOWS\System32\WindowsPowerShell\v1.0\;C:\Program Files (x86)\Intel\Intel(R) Management Engine Components\DAL;C:\Program Files\Intel\Intel(R) Management Engine Components\DAL;C:\Program Files (x86)\Intel\Intel(R) Management Engine Components\IPT;C:\Program Files\Intel\Intel(R) Management Engine Components\IPT;C:\Program Files (x86)\Skype\Phone\;C:\Program Files (x86)\Microsoft SQL Server\100\Tools\Binn\;C:\Program Files (x86)\Microsoft SQL Server\100\DTS\Binn\;C:\Program Files (x86)\Microsoft Visual Studio\Common\Tools\WinNT;C:\Program Files (x86)\Microsoft Visual Studio\Common\MSDev98\Bin;C:\Program Files (x86)\Microsoft Visual Studio\Common\Tools;C:\Program Files (x86)\Microsoft Visual Studio\VC98\bin;C:\Program Files (x86)\Nmap;C:\Users\prash\AppData\Local\Microsoft\WindowsApps;C:\Program Files\Java\jdk1.8.0_31\bin
USERNAME=Tyler
OS=Windows_NT
PROCESSOR_IDENTIFIER=Intel64 Family 6 Model 61 Stepping 4, GenuineIntel



---------------  S Y S T E M  ---------------

OS: Windows 8.1 , 64 bit Build 9600 

CPU:total 4 (2 cores per cpu, 2 threads per core) family 6 model 61 stepping 4, cmov, cx8, fxsr, mmx, sse, sse2, sse3, ssse3, sse4.1, sse4.2, popcnt, avx, avx2, aes, clmul, erms, lzcnt, ht, tsc, tscinvbit, bmi1, bmi2

Memory: 4k page, physical 12450516k(3248064k free), swap 16648916k(5124k free)

vm_info: Java HotSpot(TM) 64-Bit Server VM (25.31-b07) for windows-amd64 JRE (1.8.0_31-b13), built on Dec 17 2014 21:00:28 by "java_re" with MS VC++ 10.0 (VS2010)

time: Mon Dec 05 03:39:46 2016
elapsed time: 6 seconds (0d 0h 0m 6s)

