#
# There is insufficient memory for the Java Runtime Environment to continue.
# Native memory allocation (malloc) failed to allocate 888656 bytes for Chunk::new
# Possible reasons:
#   The system is out of physical RAM or swap space
#   In 32 bit mode, the process size limit was hit
# Possible solutions:
#   Reduce memory load on the system
#   Increase physical memory or swap space
#   Check if swap backing store is full
#   Use 64 bit Java on a 64 bit OS
#   Decrease Java heap size (-Xmx/-Xms)
#   Decrease number of Java threads
#   Decrease Java thread stack sizes (-Xss)
#   Set larger code cache with -XX:ReservedCodeCacheSize=
# This output file may be truncated or incomplete.
#
#  Out of Memory Error (allocation.cpp:390), pid=7100, tid=700
#
# JRE version: Java(TM) SE Runtime Environment (8.0_31-b13) (build 1.8.0_31-b13)
# Java VM: Java HotSpot(TM) 64-Bit Server VM (25.31-b07 mixed mode windows-amd64 compressed oops)
# Failed to write core dump. Minidumps are not enabled by default on client versions of Windows
#

---------------  T H R E A D  ---------------

Current thread (0x0000000015742000):  JavaThread "C2 CompilerThread1" daemon [_thread_in_native, id=700, stack(0x0000000016da0000,0x0000000016ea0000)]

Stack: [0x0000000016da0000,0x0000000016ea0000]
Native frames: (J=compiled Java code, j=interpreted, Vv=VM code, C=native code)
V  [jvm.dll+0x3169ba]


Current CompileTask:
C2:   6187 1617       4       com.android.dx.ssa.LocalVariableExtractor::processBlock (383 bytes)


---------------  P R O C E S S  ---------------

Java Threads: ( => current thread )
  0x00000000171df000 JavaThread "pool-1-thread-4" [_thread_in_Java, id=13692, stack(0x00000000179a0000,0x0000000017aa0000)]
  0x00000000171de800 JavaThread "pool-1-thread-3" [_thread_in_Java, id=8852, stack(0x00000000178a0000,0x00000000179a0000)]
  0x000000001712d800 JavaThread "pool-2-thread-1" [_thread_blocked, id=6616, stack(0x00000000176a0000,0x00000000177a0000)]
  0x0000000017127800 JavaThread "pool-1-thread-1" [_thread_in_Java, id=1328, stack(0x00000000175a0000,0x00000000176a0000)]
  0x0000000016fa0800 JavaThread "Service Thread" daemon [_thread_blocked, id=10452, stack(0x00000000173a0000,0x00000000174a0000)]
  0x0000000015788800 JavaThread "C1 CompilerThread2" daemon [_thread_blocked, id=9780, stack(0x0000000016ea0000,0x0000000016fa0000)]
=>0x0000000015742000 JavaThread "C2 CompilerThread1" daemon [_thread_in_native, id=700, stack(0x0000000016da0000,0x0000000016ea0000)]
  0x000000001573e000 JavaThread "C2 CompilerThread0" daemon [_thread_in_native, id=5344, stack(0x0000000016ca0000,0x0000000016da0000)]
  0x000000001573b800 JavaThread "Attach Listener" daemon [_thread_blocked, id=10064, stack(0x0000000016ba0000,0x0000000016ca0000)]
  0x000000001573a800 JavaThread "Signal Dispatcher" daemon [_thread_blocked, id=10436, stack(0x0000000016aa0000,0x0000000016ba0000)]
  0x0000000003062000 JavaThread "Finalizer" daemon [_thread_blocked, id=5848, stack(0x00000000169a0000,0x0000000016aa0000)]
  0x000000000305f000 JavaThread "Reference Handler" daemon [_thread_blocked, id=6748, stack(0x00000000168a0000,0x00000000169a0000)]
  0x0000000002e0d800 JavaThread "main" [_thread_blocked, id=9360, stack(0x0000000002e70000,0x0000000002f70000)]

Other Threads:
  0x0000000015705800 VMThread [stack: 0x00000000167a0000,0x00000000168a0000] [id=11212]
  0x0000000016fa2800 WatcherThread [stack: 0x00000000174a0000,0x00000000175a0000] [id=5984]

VM state:not at safepoint (normal execution)

VM Mutex/Monitor currently owned by a thread: None

Heap:
 PSYoungGen      total 56832K, used 48511K [0x00000000eab00000, 0x00000000eea00000, 0x0000000100000000)
  eden space 49152K, 83% used [0x00000000eab00000,0x00000000ed2e7670,0x00000000edb00000)
  from space 7680K, 99% used [0x00000000edb00000,0x00000000ee2787b0,0x00000000ee280000)
  to   space 7680K, 0% used [0x00000000ee280000,0x00000000ee280000,0x00000000eea00000)
 ParOldGen       total 130048K, used 1519K [0x00000000c0000000, 0x00000000c7f00000, 0x00000000eab00000)
  object space 130048K, 1% used [0x00000000c0000000,0x00000000c017bea8,0x00000000c7f00000)
 Metaspace       used 6163K, capacity 7088K, committed 7296K, reserved 1056768K
  class space    used 595K, capacity 616K, committed 640K, reserved 1048576K

Card table byte_map: [0x0000000012430000,0x0000000012640000] byte_map_base: 0x0000000011e30000

Marking Bits: (ParMarkBitMap*) 0x0000000074ecd4f0
 Begin Bits: [0x0000000012ba0000, 0x0000000013ba0000)
 End Bits:   [0x0000000013ba0000, 0x0000000014ba0000)

Polling page: 0x0000000000ff0000

CodeCache: size=245760Kb used=6794Kb max_used=6794Kb free=238965Kb
 bounds [0x0000000003070000, 0x0000000003720000, 0x0000000012070000]
 total_blobs=1869 nmethods=1605 adapters=178
 compilation: enabled

Compilation events (10 events):
Event: 6.125 Thread 0x0000000015788800 1621       2       com.android.dx.cf.code.Ropper::addSynchExceptionHandlerBlock (206 bytes)
Event: 6.128 Thread 0x0000000015788800 nmethod 1621 0x0000000003715a90 code [0x0000000003715e20, 0x0000000003717298]
Event: 6.128 Thread 0x0000000015788800 1622       2       com.android.dx.rop.code.RegisterSpec::withLocalItem (41 bytes)
Event: 6.128 Thread 0x0000000015788800 nmethod 1622 0x0000000003702850 code [0x00000000037029c0, 0x0000000003702c18]
Event: 6.129 Thread 0x0000000015788800 1625       2       java.util.Collections$UnmodifiableList::get (11 bytes)
Event: 6.130 Thread 0x0000000015788800 nmethod 1625 0x00000000037024d0 code [0x0000000003702640, 0x00000000037027c8]
Event: 6.131 Thread 0x0000000015788800 1626       1       com.android.dx.rop.cst.TypedConstant::getFrameType (2 bytes)
Event: 6.131 Thread 0x0000000015788800 nmethod 1626 0x0000000003702210 code [0x0000000003702360, 0x0000000003702470]
Event: 6.137 Thread 0x0000000015788800 1627       1       java.util.HashMap$Node::getKey (5 bytes)
Event: 6.137 Thread 0x0000000015788800 nmethod 1627 0x0000000003701f50 code [0x00000000037020a0, 0x00000000037021b0]

GC Heap History (2 events):
Event: 4.627 GC heap before
{Heap before GC invocations=1 (full 0):
 PSYoungGen      total 56832K, used 49152K [0x00000000eab00000, 0x00000000eea00000, 0x0000000100000000)
  eden space 49152K, 100% used [0x00000000eab00000,0x00000000edb00000,0x00000000edb00000)
  from space 7680K, 0% used [0x00000000ee280000,0x00000000ee280000,0x00000000eea00000)
  to   space 7680K, 0% used [0x00000000edb00000,0x00000000edb00000,0x00000000ee280000)
 ParOldGen       total 130048K, used 0K [0x00000000c0000000, 0x00000000c7f00000, 0x00000000eab00000)
  object space 130048K, 0% used [0x00000000c0000000,0x00000000c0000000,0x00000000c7f00000)
 Metaspace       used 6102K, capacity 7024K, committed 7296K, reserved 1056768K
  class space    used 594K, capacity 616K, committed 640K, reserved 1048576K
Event: 4.762 GC heap after
Heap after GC invocations=1 (full 0):
 PSYoungGen      total 56832K, used 7649K [0x00000000eab00000, 0x00000000eea00000, 0x0000000100000000)
  eden space 49152K, 0% used [0x00000000eab00000,0x00000000eab00000,0x00000000edb00000)
  from space 7680K, 99% used [0x00000000edb00000,0x00000000ee2787b0,0x00000000ee280000)
  to   space 7680K, 0% used [0x00000000ee280000,0x00000000ee280000,0x00000000eea00000)
 ParOldGen       total 130048K, used 1519K [0x00000000c0000000, 0x00000000c7f00000, 0x00000000eab00000)
  object space 130048K, 1% used [0x00000000c0000000,0x00000000c017bea8,0x00000000c7f00000)
 Metaspace       used 6102K, capacity 7024K, committed 7296K, reserved 1056768K
  class space    used 594K, capacity 616K, committed 640K, reserved 1048576K
}

Deoptimization events (10 events):
Event: 5.688 Thread 0x00000000171dd800 Uncommon trap: reason=class_check action=maybe_recompile pc=0x000000000367a3cc method=com.android.dx.rop.code.RegisterSpec.withSimpleType()Lcom/android/dx/rop/code/RegisterSpec; @ 21
Event: 5.701 Thread 0x0000000017127800 Uncommon trap: reason=bimorphic action=maybe_recompile pc=0x00000000032d6210 method=java.util.HashMap.getNode(ILjava/lang/Object;)Ljava/util/HashMap$Node; @ 126
Event: 5.701 Thread 0x0000000017127800 Uncommon trap: reason=class_check action=maybe_recompile pc=0x00000000036b892c method=java.util.HashMap.putVal(ILjava/lang/Object;Ljava/lang/Object;ZZ)Ljava/lang/Object; @ 203
Event: 5.701 Thread 0x0000000017127800 Uncommon trap: reason=bimorphic action=maybe_recompile pc=0x00000000032d6210 method=java.util.HashMap.getNode(ILjava/lang/Object;)Ljava/util/HashMap$Node; @ 126
Event: 5.701 Thread 0x0000000017127800 Uncommon trap: reason=class_check action=maybe_recompile pc=0x00000000036b892c method=java.util.HashMap.putVal(ILjava/lang/Object;Ljava/lang/Object;ZZ)Ljava/lang/Object; @ 203
Event: 5.701 Thread 0x0000000017127800 Uncommon trap: reason=bimorphic action=maybe_recompile pc=0x0000000003321834 method=java.util.HashMap.getNode(ILjava/lang/Object;)Ljava/util/HashMap$Node; @ 126
Event: 5.701 Thread 0x0000000017127800 Uncommon trap: reason=bimorphic action=maybe_recompile pc=0x0000000003321834 method=java.util.HashMap.getNode(ILjava/lang/Object;)Ljava/util/HashMap$Node; @ 126
Event: 5.701 Thread 0x0000000017127800 Uncommon trap: reason=class_check action=maybe_recompile pc=0x00000000036b892c method=java.util.HashMap.putVal(ILjava/lang/Object;Ljava/lang/Object;ZZ)Ljava/lang/Object; @ 203
Event: 5.701 Thread 0x0000000017127800 Uncommon trap: reason=bimorphic action=maybe_recompile pc=0x00000000032d6210 method=java.util.HashMap.getNode(ILjava/lang/Object;)Ljava/util/HashMap$Node; @ 126
Event: 6.013 Thread 0x00000000171df000 Uncommon trap: reason=class_check action=maybe_recompile pc=0x000000000367a3cc method=com.android.dx.rop.code.RegisterSpec.withSimpleType()Lcom/android/dx/rop/code/RegisterSpec; @ 21

Internal exceptions (10 events):
Event: 1.905 Thread 0x00000000171df000 Exception <a 'java/security/PrivilegedActionException'> (0x00000000eb9d1920) thrown at [C:\workspace\8-2-build-windows-amd64-cygwin\jdk8u31\2394\hotspot\src\share\vm\prims\jvm.cpp, line 1312]
Event: 1.941 Thread 0x0000000017127800 Exception <a 'java/security/PrivilegedActionException'> (0x00000000eba92088) thrown at [C:\workspace\8-2-build-windows-amd64-cygwin\jdk8u31\2394\hotspot\src\share\vm\prims\jvm.cpp, line 1312]
Event: 1.942 Thread 0x0000000017127800 Exception <a 'java/security/PrivilegedActionException'> (0x00000000eba97a78) thrown at [C:\workspace\8-2-build-windows-amd64-cygwin\jdk8u31\2394\hotspot\src\share\vm\prims\jvm.cpp, line 1312]
Event: 1.942 Thread 0x0000000017127800 Exception <a 'java/security/PrivilegedActionException'> (0x00000000eba9d120) thrown at [C:\workspace\8-2-build-windows-amd64-cygwin\jdk8u31\2394\hotspot\src\share\vm\prims\jvm.cpp, line 1312]
Event: 1.946 Thread 0x00000000171dd800 Exception <a 'java/security/PrivilegedActionException'> (0x00000000eb5dc140) thrown at [C:\workspace\8-2-build-windows-amd64-cygwin\jdk8u31\2394\hotspot\src\share\vm\prims\jvm.cpp, line 1312]
Event: 2.007 Thread 0x00000000171de800 Exception <a 'java/security/PrivilegedActionException'> (0x00000000eb811998) thrown at [C:\workspace\8-2-build-windows-amd64-cygwin\jdk8u31\2394\hotspot\src\share\vm\prims\jvm.cpp, line 1312]
Event: 2.066 Thread 0x0000000017127800 Exception <a 'java/security/PrivilegedActionException'> (0x00000000ebb0ede8) thrown at [C:\workspace\8-2-build-windows-amd64-cygwin\jdk8u31\2394\hotspot\src\share\vm\prims\jvm.cpp, line 1312]
Event: 2.092 Thread 0x0000000017127800 Exception <a 'java/security/PrivilegedActionException'> (0x00000000ebe53190) thrown at [C:\workspace\8-2-build-windows-amd64-cygwin\jdk8u31\2394\hotspot\src\share\vm\prims\jvm.cpp, line 1312]
Event: 5.679 Thread 0x00000000171dd800 Implicit null exception at 0x0000000003513179 to 0x0000000003515205
Event: 5.679 Thread 0x00000000171dd800 Implicit null exception at 0x00000000034e1bc1 to 0x00000000034e3f6d

Events (10 events):
Event: 5.701 Thread 0x0000000017127800 Uncommon trap: trap_request=0xffffffde fr.pc=0x00000000036b892c
Event: 5.701 Thread 0x0000000017127800 DEOPT PACKING pc=0x00000000036b892c sp=0x000000001769e850
Event: 5.701 Thread 0x0000000017127800 DEOPT UNPACKING pc=0x00000000030b556a sp=0x000000001769e7c8 mode 2
Event: 5.701 Thread 0x0000000017127800 Uncommon trap: trap_request=0xffffffc6 fr.pc=0x00000000032d6210
Event: 5.701 Thread 0x0000000017127800 DEOPT PACKING pc=0x00000000032d6210 sp=0x000000001769e6b0
Event: 5.701 Thread 0x0000000017127800 DEOPT UNPACKING pc=0x00000000030b556a sp=0x000000001769e638 mode 2
Event: 6.013 Thread 0x00000000171df000 Uncommon trap: trap_request=0xffffffde fr.pc=0x000000000367a3cc
Event: 6.013 Thread 0x00000000171df000 DEOPT PACKING pc=0x000000000367a3cc sp=0x0000000017a9e920
Event: 6.013 Thread 0x00000000171df000 DEOPT UNPACKING pc=0x00000000030b556a sp=0x0000000017a9e868 mode 2
Event: 6.137 Thread 0x00000000171dd800 Thread exited: 0x00000000171dd800


Dynamic libraries:
0x00007ff67cee0000 - 0x00007ff67cf14000 	C:\Program Files\Java\jdk1.8.0_31\bin\java.exe
0x00007fff762d0000 - 0x00007fff764a1000 	C:\WINDOWS\SYSTEM32\ntdll.dll
0x00007fff74c30000 - 0x00007fff74cdb000 	C:\WINDOWS\System32\KERNEL32.DLL
0x00007fff735e0000 - 0x00007fff737fd000 	C:\WINDOWS\System32\KERNELBASE.dll
0x00007fff73a10000 - 0x00007fff73ab2000 	C:\WINDOWS\System32\ADVAPI32.dll
0x00007fff74720000 - 0x00007fff747be000 	C:\WINDOWS\System32\msvcrt.dll
0x00007fff742c0000 - 0x00007fff74319000 	C:\WINDOWS\System32\sechost.dll
0x00007fff74070000 - 0x00007fff74191000 	C:\WINDOWS\System32\RPCRT4.dll
0x00007fff73dc0000 - 0x00007fff73f25000 	C:\WINDOWS\System32\USER32.dll
0x00007fff73290000 - 0x00007fff732ae000 	C:\WINDOWS\System32\win32u.dll
0x00007fff747c0000 - 0x00007fff747f4000 	C:\WINDOWS\System32\GDI32.dll
0x00007fff732b0000 - 0x00007fff73432000 	C:\WINDOWS\System32\gdi32full.dll
0x00007fff68530000 - 0x00007fff687a9000 	C:\WINDOWS\WinSxS\amd64_microsoft.windows.common-controls_6595b64144ccf1df_6.0.14393.447_none_42191651c6827bb3\COMCTL32.dll
0x00007fff74450000 - 0x00007fff74717000 	C:\WINDOWS\System32\combase.dll
0x00007fff734e0000 - 0x00007fff735d5000 	C:\WINDOWS\System32\ucrtbase.dll
0x00007fff728c0000 - 0x00007fff7292a000 	C:\WINDOWS\System32\bcryptPrimitives.dll
0x00007fff73cf0000 - 0x00007fff73d1e000 	C:\WINDOWS\System32\IMM32.DLL
0x00000000741f0000 - 0x00000000742c2000 	C:\Program Files\Java\jdk1.8.0_31\jre\bin\msvcr100.dll
0x00000000746f0000 - 0x0000000074f4a000 	C:\Program Files\Java\jdk1.8.0_31\jre\bin\server\jvm.dll
0x00007fff74d50000 - 0x00007fff74d58000 	C:\WINDOWS\System32\PSAPI.DLL
0x00007fff6c0b0000 - 0x00007fff6c0b9000 	C:\WINDOWS\SYSTEM32\WSOCK32.dll
0x00007fff74320000 - 0x00007fff7438a000 	C:\WINDOWS\System32\WS2_32.dll
0x00007fff70bf0000 - 0x00007fff70c13000 	C:\WINDOWS\SYSTEM32\WINMM.dll
0x00007fff70b60000 - 0x00007fff70b8b000 	C:\WINDOWS\SYSTEM32\WINMMBASE.dll
0x00007fff727c0000 - 0x00007fff72802000 	C:\WINDOWS\System32\cfgmgr32.dll
0x00000000746e0000 - 0x00000000746ef000 	C:\Program Files\Java\jdk1.8.0_31\jre\bin\verify.dll
0x00000000746b0000 - 0x00000000746d8000 	C:\Program Files\Java\jdk1.8.0_31\jre\bin\java.dll
0x0000000074690000 - 0x00000000746a6000 	C:\Program Files\Java\jdk1.8.0_31\jre\bin\zip.dll
0x00007fff74dc0000 - 0x00007fff762c9000 	C:\WINDOWS\System32\SHELL32.dll
0x00007fff72930000 - 0x00007fff7300a000 	C:\WINDOWS\System32\windows.storage.dll
0x00007fff72760000 - 0x00007fff727ac000 	C:\WINDOWS\System32\powrprof.dll
0x00007fff74d60000 - 0x00007fff74db2000 	C:\WINDOWS\System32\shlwapi.dll
0x00007fff72730000 - 0x00007fff7273f000 	C:\WINDOWS\System32\kernel.appcore.dll
0x00007fff73010000 - 0x00007fff730b9000 	C:\WINDOWS\System32\shcore.dll
0x00007fff72740000 - 0x00007fff72754000 	C:\WINDOWS\System32\profapi.dll
0x00007fff6bf10000 - 0x00007fff6c0a2000 	C:\WINDOWS\SYSTEM32\dbghelp.dll

VM Arguments:
jvm_args: -Djava.awt.headless=true -Xmx1024M -Dfile.encoding=windows-1252 -Duser.country=IN -Duser.language=en -Duser.variant 
java_command: com.android.dx.command.Main --dex --num-threads=4 --output C:\Users\prash\AndroidStudioProjects\ScavengerHunt1\app\build\intermediates\pre-dexed\debug\com.android.support-support-fragment-24.2.0_760fdbe9d3259d2b583847584331d9cc9558b049.jar C:\Users\prash\AndroidStudioProjects\ScavengerHunt1\app\build\intermediates\exploded-aar\com.android.support\support-fragment\24.2.0\jars\classes.jar
java_class_path (initial): C:\Users\prash\AppData\Local\Android\sdk\build-tools\24.0.2\lib\dx.jar
Launcher Type: SUN_STANDARD

Environment Variables:
PATH=C:\ProgramData\Oracle\Java\javapath;C:\Program Files (x86)\Intel\iCLS Client\;C:\Program Files\Intel\iCLS Client\;C:\WINDOWS\system32;C:\WINDOWS;C:\WINDOWS\System32\Wbem;C:\WINDOWS\System32\WindowsPowerShell\v1.0\;C:\Program Files (x86)\Intel\Intel(R) Management Engine Components\DAL;C:\Program Files\Intel\Intel(R) Management Engine Components\DAL;C:\Program Files (x86)\Intel\Intel(R) Management Engine Components\IPT;C:\Program Files\Intel\Intel(R) Management Engine Components\IPT;C:\Program Files (x86)\Skype\Phone\;C:\Program Files (x86)\Microsoft SQL Server\100\Tools\Binn\;C:\Program Files (x86)\Microsoft SQL Server\100\DTS\Binn\;C:\Program Files (x86)\Microsoft Visual Studio\Common\Tools\WinNT;C:\Program Files (x86)\Microsoft Visual Studio\Common\MSDev98\Bin;C:\Program Files (x86)\Microsoft Visual Studio\Common\Tools;C:\Program Files (x86)\Microsoft Visual Studio\VC98\bin;C:\Program Files (x86)\Nmap;C:\Users\prash\AppData\Local\Microsoft\WindowsApps;C:\Program Files\Java\jdk1.8.0_31\bin
USERNAME=Tyler
OS=Windows_NT
PROCESSOR_IDENTIFIER=Intel64 Family 6 Model 61 Stepping 4, GenuineIntel



---------------  S Y S T E M  ---------------

OS: Windows 8.1 , 64 bit Build 9600 

CPU:total 4 (2 cores per cpu, 2 threads per core) family 6 model 61 stepping 4, cmov, cx8, fxsr, mmx, sse, sse2, sse3, ssse3, sse4.1, sse4.2, popcnt, avx, avx2, aes, clmul, erms, lzcnt, ht, tsc, tscinvbit, bmi1, bmi2

Memory: 4k page, physical 12450516k(3247780k free), swap 16648916k(5140k free)

vm_info: Java HotSpot(TM) 64-Bit Server VM (25.31-b07) for windows-amd64 JRE (1.8.0_31-b13), built on Dec 17 2014 21:00:28 by "java_re" with MS VC++ 10.0 (VS2010)

time: Mon Dec 05 03:39:46 2016
elapsed time: 6 seconds (0d 0h 0m 6s)

