#
# There is insufficient memory for the Java Runtime Environment to continue.
# Native memory allocation (malloc) failed to allocate 888656 bytes for Chunk::new
# Possible reasons:
#   The system is out of physical RAM or swap space
#   In 32 bit mode, the process size limit was hit
# Possible solutions:
#   Reduce memory load on the system
#   Increase physical memory or swap space
#   Check if swap backing store is full
#   Use 64 bit Java on a 64 bit OS
#   Decrease Java heap size (-Xmx/-Xms)
#   Decrease number of Java threads
#   Decrease Java thread stack sizes (-Xss)
#   Set larger code cache with -XX:ReservedCodeCacheSize=
# This output file may be truncated or incomplete.
#
#  Out of Memory Error (allocation.cpp:390), pid=10124, tid=9232
#
# JRE version: Java(TM) SE Runtime Environment (8.0_31-b13) (build 1.8.0_31-b13)
# Java VM: Java HotSpot(TM) 64-Bit Server VM (25.31-b07 mixed mode windows-amd64 compressed oops)
# Failed to write core dump. Minidumps are not enabled by default on client versions of Windows
#

---------------  T H R E A D  ---------------

Current thread (0x000000001512f800):  JavaThread "C2 CompilerThread1" daemon [_thread_in_native, id=9232, stack(0x0000000016790000,0x0000000016890000)]

Stack: [0x0000000016790000,0x0000000016890000]
Native frames: (J=compiled Java code, j=interpreted, Vv=VM code, C=native code)
V  [jvm.dll+0x3169ba]


Current CompileTask:
C2:   1919 1187       4      
[error occurred during error reporting (printing current compile task), id 0xe0000001]


---------------  P R O C E S S  ---------------

Java Threads: ( => current thread )
  0x0000000016bc4000 JavaThread "pool-2-thread-4" [_thread_in_Java, id=11760, stack(0x0000000017390000,0x0000000017490000)]
  0x0000000016bc2800 JavaThread "pool-2-thread-3" [_thread_in_Java, id=13724, stack(0x0000000017290000,0x0000000017390000)]
  0x0000000016bb4800 JavaThread "pool-2-thread-2" [_thread_in_Java, id=4688, stack(0x0000000017190000,0x0000000017290000)]
  0x0000000016bb3800 JavaThread "pool-3-thread-1" [_thread_blocked, id=1628, stack(0x0000000017090000,0x0000000017190000)]
  0x0000000016bb1000 JavaThread "pool-2-thread-1" [_thread_blocked, id=6064, stack(0x0000000016f90000,0x0000000017090000)]
  0x000000001699c800 JavaThread "Service Thread" daemon [_thread_blocked, id=1056, stack(0x0000000016d90000,0x0000000016e90000)]
  0x0000000015178800 JavaThread "C1 CompilerThread2" daemon [_thread_in_native, id=8452, stack(0x0000000016890000,0x0000000016990000)]
=>0x000000001512f800 JavaThread "C2 CompilerThread1" daemon [_thread_in_native, id=9232, stack(0x0000000016790000,0x0000000016890000)]
  0x000000001512d800 JavaThread "C2 CompilerThread0" daemon [_thread_in_native, id=4816, stack(0x0000000016690000,0x0000000016790000)]
  0x000000001512b000 JavaThread "Attach Listener" daemon [_thread_blocked, id=12332, stack(0x0000000016590000,0x0000000016690000)]
  0x000000001512a800 JavaThread "Signal Dispatcher" daemon [_thread_blocked, id=11768, stack(0x0000000016490000,0x0000000016590000)]
  0x00000000150f8000 JavaThread "Finalizer" daemon [_thread_blocked, id=8064, stack(0x0000000016390000,0x0000000016490000)]
  0x0000000002a4d800 JavaThread "Reference Handler" daemon [_thread_blocked, id=2752, stack(0x0000000016290000,0x0000000016390000)]
  0x000000000295d800 JavaThread "main" [_thread_in_vm, id=14040, stack(0x00000000027f0000,0x00000000028f0000)]

Other Threads:
  0x00000000150f5000 VMThread [stack: 0x0000000016190000,0x0000000016290000] [id=2256]
  0x000000001699f000 WatcherThread [stack: 0x0000000016e90000,0x0000000016f90000] [id=9416]

VM state:not at safepoint (normal execution)

VM Mutex/Monitor currently owned by a thread: None

Heap:
 PSYoungGen      total 56832K, used 31476K [0x00000000eab00000, 0x00000000eea00000, 0x0000000100000000)
  eden space 49152K, 64% used [0x00000000eab00000,0x00000000ec9bd1e0,0x00000000edb00000)
  from space 7680K, 0% used [0x00000000ee280000,0x00000000ee280000,0x00000000eea00000)
  to   space 7680K, 0% used [0x00000000edb00000,0x00000000edb00000,0x00000000ee280000)
 ParOldGen       total 130048K, used 0K [0x00000000c0000000, 0x00000000c7f00000, 0x00000000eab00000)
  object space 130048K, 0% used [0x00000000c0000000,0x00000000c0000000,0x00000000c7f00000)
 Metaspace       used 5938K, capacity 6896K, committed 7040K, reserved 1056768K
  class space    used 589K, capacity 616K, committed 640K, reserved 1048576K

Card table byte_map: [0x0000000011e20000,0x0000000012030000] byte_map_base: 0x0000000011820000

Marking Bits: (ParMarkBitMap*) 0x000000005382d4f0
 Begin Bits: [0x0000000012590000, 0x0000000013590000)
 End Bits:   [0x0000000013590000, 0x0000000014590000)

Polling page: 0x0000000000b40000

CodeCache: size=245760Kb used=4747Kb max_used=4747Kb free=241012Kb
 bounds [0x0000000002a60000, 0x0000000002f10000, 0x0000000011a60000]
 total_blobs=1487 nmethods=1222 adapters=178
 compilation: enabled

Compilation events (10 events):
Event: 1.908 Thread 0x0000000015178800 nmethod 1219 0x0000000002efd390 code [0x0000000002efd500, 0x0000000002efd950]
Event: 1.909 Thread 0x0000000015178800 1221       3       com.android.dx.rop.code.PlainCstInsn::withNewRegisters (22 bytes)
Event: 1.909 Thread 0x0000000015178800 nmethod 1221 0x0000000002efdad0 code [0x0000000002efdc80, 0x0000000002efe388]
Event: 1.911 Thread 0x0000000015178800 1222       3       com.android.dx.cf.code.LocalVariableList$Item::getLocalItem (12 bytes)
Event: 1.912 Thread 0x0000000015178800 nmethod 1222 0x0000000002efe650 code [0x0000000002efe7c0, 0x0000000002efeb30]
Event: 1.912 Thread 0x0000000015178800 1223       3       com.android.dx.rop.code.LocalItem::make (20 bytes)
Event: 1.913 Thread 0x0000000015178800 nmethod 1223 0x0000000002efec90 code [0x0000000002efee00, 0x0000000002eff0f0]
Event: 1.913 Thread 0x0000000015178800 1224       3       com.android.dx.rop.code.LocalItem::<init> (15 bytes)
Event: 1.913 Thread 0x0000000015178800 nmethod 1224 0x0000000002eff210 code [0x0000000002eff360, 0x0000000002eff530]
Event: 1.913 Thread 0x0000000015178800 1225       3       java.util.ArrayList::rangeCheckForAdd (26 bytes)

GC Heap History (0 events):
No events

Deoptimization events (1 events):
Event: 1.736 Thread 0x0000000016bb1000 Uncommon trap: reason=null_check action=make_not_entrant pc=0x0000000002e28f24 method=com.android.dx.rop.type.Type.equals(Ljava/lang/Object;)Z @ 8

Internal exceptions (10 events):
Event: 0.786 Thread 0x000000000295d800 Exception <a 'java/security/PrivilegedActionException'> (0x00000000eb6a8c98) thrown at [C:\workspace\8-2-build-windows-amd64-cygwin\jdk8u31\2394\hotspot\src\share\vm\prims\jvm.cpp, line 1312]
Event: 0.787 Thread 0x000000000295d800 Exception <a 'java/security/PrivilegedActionException'> (0x00000000eb6af220) thrown at [C:\workspace\8-2-build-windows-amd64-cygwin\jdk8u31\2394\hotspot\src\share\vm\prims\jvm.cpp, line 1312]
Event: 0.788 Thread 0x0000000016bc2800 Exception <a 'java/security/PrivilegedActionException'> (0x00000000eb51bca8) thrown at [C:\workspace\8-2-build-windows-amd64-cygwin\jdk8u31\2394\hotspot\src\share\vm\prims\jvm.cpp, line 1312]
Event: 1.021 Thread 0x000000000295d800 Exception <a 'java/security/PrivilegedActionException'> (0x00000000eb6ef4b0) thrown at [C:\workspace\8-2-build-windows-amd64-cygwin\jdk8u31\2394\hotspot\src\share\vm\prims\jvm.cpp, line 1312]
Event: 1.034 Thread 0x0000000016bc2800 Exception <a 'java/security/PrivilegedActionException'> (0x00000000eb58fe48) thrown at [C:\workspace\8-2-build-windows-amd64-cygwin\jdk8u31\2394\hotspot\src\share\vm\prims\jvm.cpp, line 1312]
Event: 1.037 Thread 0x0000000016bc2800 Exception <a 'java/security/PrivilegedActionException'> (0x00000000eb9736c0) thrown at [C:\workspace\8-2-build-windows-amd64-cygwin\jdk8u31\2394\hotspot\src\share\vm\prims\jvm.cpp, line 1312]
Event: 1.190 Thread 0x0000000016bb1000 Exception <a 'java/security/PrivilegedActionException'> (0x00000000eb86aa98) thrown at [C:\workspace\8-2-build-windows-amd64-cygwin\jdk8u31\2394\hotspot\src\share\vm\prims\jvm.cpp, line 1312]
Event: 1.420 Thread 0x000000000295d800 Exception <a 'java/security/PrivilegedActionException'> (0x00000000ebd4e948) thrown at [C:\workspace\8-2-build-windows-amd64-cygwin\jdk8u31\2394\hotspot\src\share\vm\prims\jvm.cpp, line 1312]
Event: 1.685 Thread 0x0000000016bb4800 Exception <a 'java/security/PrivilegedActionException'> (0x00000000ec181208) thrown at [C:\workspace\8-2-build-windows-amd64-cygwin\jdk8u31\2394\hotspot\src\share\vm\prims\jvm.cpp, line 1312]
Event: 1.736 Thread 0x0000000016bb1000 Implicit null exception at 0x0000000002e28e22 to 0x0000000002e28f15

Events (10 events):
Event: 1.671 loading class java/util/TreeMap$EntrySet done
Event: 1.671 loading class java/util/TreeMap$EntryIterator
Event: 1.671 loading class java/util/TreeMap$EntryIterator done
Event: 1.671 Executing VM operation: Deoptimize
Event: 1.671 Executing VM operation: Deoptimize done
Event: 1.685 loading class com/android/dx/cf/code/SwitchList
Event: 1.685 loading class com/android/dx/cf/code/SwitchList done
Event: 1.736 Thread 0x0000000016bb1000 Uncommon trap: trap_request=0xfffffff4 fr.pc=0x0000000002e28f24
Event: 1.736 Thread 0x0000000016bb1000 DEOPT PACKING pc=0x0000000002e28f24 sp=0x000000001708e760
Event: 1.736 Thread 0x0000000016bb1000 DEOPT UNPACKING pc=0x0000000002aa556a sp=0x000000001708e6f8 mode 2


Dynamic libraries:
0x00007ff6d7490000 - 0x00007ff6d74c4000 	C:\Program Files\Java\jdk1.8.0_31\bin\java.exe
0x00007ffc4a120000 - 0x00007ffc4a2f1000 	C:\WINDOWS\SYSTEM32\ntdll.dll
0x00007ffc49500000 - 0x00007ffc495ab000 	C:\WINDOWS\System32\KERNEL32.DLL
0x00007ffc468f0000 - 0x00007ffc46b0d000 	C:\WINDOWS\System32\KERNELBASE.dll
0x00007ffc49f20000 - 0x00007ffc49fc2000 	C:\WINDOWS\System32\ADVAPI32.dll
0x00007ffc49ab0000 - 0x00007ffc49b4e000 	C:\WINDOWS\System32\msvcrt.dll
0x00007ffc495e0000 - 0x00007ffc49639000 	C:\WINDOWS\System32\sechost.dll
0x00007ffc49980000 - 0x00007ffc49aa1000 	C:\WINDOWS\System32\RPCRT4.dll
0x00007ffc47e80000 - 0x00007ffc47fe5000 	C:\WINDOWS\System32\USER32.dll
0x00007ffc46d30000 - 0x00007ffc46d4e000 	C:\WINDOWS\System32\win32u.dll
0x00007ffc49fd0000 - 0x00007ffc4a004000 	C:\WINDOWS\System32\GDI32.dll
0x00007ffc46710000 - 0x00007ffc46892000 	C:\WINDOWS\System32\gdi32full.dll
0x00007ffc390b0000 - 0x00007ffc39329000 	C:\WINDOWS\WinSxS\amd64_microsoft.windows.common-controls_6595b64144ccf1df_6.0.14393.447_none_42191651c6827bb3\COMCTL32.dll
0x00007ffc49bb0000 - 0x00007ffc49e77000 	C:\WINDOWS\System32\combase.dll
0x00007ffc46610000 - 0x00007ffc46705000 	C:\WINDOWS\System32\ucrtbase.dll
0x00007ffc46b10000 - 0x00007ffc46b7a000 	C:\WINDOWS\System32\bcryptPrimitives.dll
0x00007ffc49860000 - 0x00007ffc4988e000 	C:\WINDOWS\System32\IMM32.DLL
0x0000000052b90000 - 0x0000000052c62000 	C:\Program Files\Java\jdk1.8.0_31\jre\bin\msvcr100.dll
0x0000000053050000 - 0x00000000538aa000 	C:\Program Files\Java\jdk1.8.0_31\jre\bin\server\jvm.dll
0x00007ffc495d0000 - 0x00007ffc495d8000 	C:\WINDOWS\System32\PSAPI.DLL
0x00007ffc43880000 - 0x00007ffc43889000 	C:\WINDOWS\SYSTEM32\WSOCK32.dll
0x00007ffc44a90000 - 0x00007ffc44ab3000 	C:\WINDOWS\SYSTEM32\WINMM.dll
0x00007ffc49890000 - 0x00007ffc498fa000 	C:\WINDOWS\System32\WS2_32.dll
0x00007ffc44a30000 - 0x00007ffc44a5b000 	C:\WINDOWS\SYSTEM32\WINMMBASE.dll
0x00007ffc468a0000 - 0x00007ffc468e2000 	C:\WINDOWS\System32\cfgmgr32.dll
0x0000000053040000 - 0x000000005304f000 	C:\Program Files\Java\jdk1.8.0_31\jre\bin\verify.dll
0x0000000053010000 - 0x0000000053038000 	C:\Program Files\Java\jdk1.8.0_31\jre\bin\java.dll
0x0000000052ff0000 - 0x0000000053006000 	C:\Program Files\Java\jdk1.8.0_31\jre\bin\zip.dll
0x00007ffc47ff0000 - 0x00007ffc494f9000 	C:\WINDOWS\System32\SHELL32.dll
0x00007ffc46d50000 - 0x00007ffc4742a000 	C:\WINDOWS\System32\windows.storage.dll
0x00007ffc465c0000 - 0x00007ffc4660c000 	C:\WINDOWS\System32\powrprof.dll
0x00007ffc49b50000 - 0x00007ffc49ba2000 	C:\WINDOWS\System32\shlwapi.dll
0x00007ffc465a0000 - 0x00007ffc465af000 	C:\WINDOWS\System32\kernel.appcore.dll
0x00007ffc46b80000 - 0x00007ffc46c29000 	C:\WINDOWS\System32\shcore.dll
0x00007ffc46580000 - 0x00007ffc46594000 	C:\WINDOWS\System32\profapi.dll
0x00007ffc43650000 - 0x00007ffc437e2000 	C:\WINDOWS\SYSTEM32\dbghelp.dll

VM Arguments:
jvm_args: -Djava.awt.headless=true -Xmx1024M -Dfile.encoding=windows-1252 -Duser.country=IN -Duser.language=en -Duser.variant 
java_command: com.android.dx.command.Main --dex --force-jumbo --num-threads=4 --multi-dex --output C:\Users\prash\AndroidStudioProjects\ScavengerHunt1\app\build\intermediates\transforms\dex\debug\folders\1000\10\internal_impl-24.2.0_9fd252445e7b289085498c7a0d85d00cfd4aeede C:\Users\prash\AndroidStudioProjects\ScavengerHunt1\app\build\intermediates\exploded-aar\com.android.support\support-media-compat\24.2.0\jars\libs\internal_impl-24.2.0.jar
java_class_path (initial): C:\Users\prash\AppData\Local\Android\sdk\build-tools\24.0.1\lib\dx.jar
Launcher Type: SUN_STANDARD

Environment Variables:
PATH=C:\ProgramData\Oracle\Java\javapath;C:\Program Files (x86)\Intel\iCLS Client\;C:\Program Files\Intel\iCLS Client\;C:\WINDOWS\system32;C:\WINDOWS;C:\WINDOWS\System32\Wbem;C:\WINDOWS\System32\WindowsPowerShell\v1.0\;C:\Program Files (x86)\Intel\Intel(R) Management Engine Components\DAL;C:\Program Files\Intel\Intel(R) Management Engine Components\DAL;C:\Program Files (x86)\Intel\Intel(R) Management Engine Components\IPT;C:\Program Files\Intel\Intel(R) Management Engine Components\IPT;C:\Program Files (x86)\Skype\Phone\;C:\Program Files (x86)\Microsoft SQL Server\100\Tools\Binn\;C:\Program Files (x86)\Microsoft SQL Server\100\DTS\Binn\;C:\Program Files (x86)\Microsoft Visual Studio\Common\Tools\WinNT;C:\Program Files (x86)\Microsoft Visual Studio\Common\MSDev98\Bin;C:\Program Files (x86)\Microsoft Visual Studio\Common\Tools;C:\Program Files (x86)\Microsoft Visual Studio\VC98\bin;C:\Program Files (x86)\Nmap;C:\Users\prash\AppData\Local\Microsoft\WindowsApps;C:\Program Files\Java\jdk1.8.0_31\bin
USERNAME=Tyler
OS=Windows_NT
PROCESSOR_IDENTIFIER=Intel64 Family 6 Model 61 Stepping 4, GenuineIntel



---------------  S Y S T E M  ---------------

OS: Windows 8.1 , 64 bit Build 9600 

CPU:total 4 (2 cores per cpu, 2 threads per core) family 6 model 61 stepping 4, cmov, cx8, fxsr, mmx, sse, sse2, sse3, ssse3, sse4.1, sse4.2, popcnt, avx, avx2, aes, clmul, erms, lzcnt, ht, tsc, tscinvbit, bmi1, bmi2

Memory: 4k page, physical 12450516k(3328580k free), swap 16648916k(5124k free)

vm_info: Java HotSpot(TM) 64-Bit Server VM (25.31-b07) for windows-amd64 JRE (1.8.0_31-b13), built on Dec 17 2014 21:00:28 by "java_re" with MS VC++ 10.0 (VS2010)

time: Wed Nov 30 20:56:28 2016
elapsed time: 1 seconds (0d 0h 0m 1s)

