#
# There is insufficient memory for the Java Runtime Environment to continue.
# Native memory allocation (malloc) failed to allocate 45328 bytes for Chunk::new
# Possible reasons:
#   The system is out of physical RAM or swap space
#   In 32 bit mode, the process size limit was hit
# Possible solutions:
#   Reduce memory load on the system
#   Increase physical memory or swap space
#   Check if swap backing store is full
#   Use 64 bit Java on a 64 bit OS
#   Decrease Java heap size (-Xmx/-Xms)
#   Decrease number of Java threads
#   Decrease Java thread stack sizes (-Xss)
#   Set larger code cache with -XX:ReservedCodeCacheSize=
# This output file may be truncated or incomplete.
#
#  Out of Memory Error (allocation.cpp:390), pid=12652, tid=10360
#
# JRE version: Java(TM) SE Runtime Environment (8.0_31-b13) (build 1.8.0_31-b13)
# Java VM: Java HotSpot(TM) 64-Bit Server VM (25.31-b07 mixed mode windows-amd64 compressed oops)
# Failed to write core dump. Minidumps are not enabled by default on client versions of Windows
#

---------------  T H R E A D  ---------------

Current thread (0x00000000156d6800):  JavaThread "C2 CompilerThread1" daemon [_thread_in_native, id=10360, stack(0x0000000016cf0000,0x0000000016df0000)]

Stack: [0x0000000016cf0000,0x0000000016df0000]
Native frames: (J=compiled Java code, j=interpreted, Vv=VM code, C=native code)
V  [jvm.dll+0x3169ba]


Current CompileTask:
C2:   7421 1774       4       com.android.dx.ssa.DeadCodeRemover::isCircularNoSideEffect (140 bytes)


---------------  P R O C E S S  ---------------

Java Threads: ( => current thread )
  0x0000000017407000 JavaThread "pool-1-thread-4" [_thread_blocked, id=13004, stack(0x00000000180f0000,0x00000000181f0000)]
  0x000000001739c000 JavaThread "pool-1-thread-3" [_thread_blocked, id=236, stack(0x0000000017ff0000,0x00000000180f0000)]
  0x000000001739b800 JavaThread "pool-1-thread-2" [_thread_blocked, id=11208, stack(0x0000000017ef0000,0x0000000017ff0000)]
  0x000000001739b000 JavaThread "pool-2-thread-1" [_thread_blocked, id=6256, stack(0x0000000017df0000,0x0000000017ef0000)]
  0x0000000017398000 JavaThread "pool-1-thread-1" [_thread_in_Java, id=2188, stack(0x0000000017cf0000,0x0000000017df0000)]
  0x00000000156e5000 JavaThread "Service Thread" daemon [_thread_blocked, id=14180, stack(0x0000000016ef0000,0x0000000016ff0000)]
  0x00000000156e1800 JavaThread "C1 CompilerThread2" daemon [_thread_blocked, id=12160, stack(0x0000000016df0000,0x0000000016ef0000)]
=>0x00000000156d6800 JavaThread "C2 CompilerThread1" daemon [_thread_in_native, id=10360, stack(0x0000000016cf0000,0x0000000016df0000)]
  0x000000001568e800 JavaThread "C2 CompilerThread0" daemon [_thread_in_native, id=4428, stack(0x0000000016bf0000,0x0000000016cf0000)]
  0x000000001568c000 JavaThread "Attach Listener" daemon [_thread_blocked, id=2560, stack(0x0000000016af0000,0x0000000016bf0000)]
  0x000000001568b000 JavaThread "Signal Dispatcher" daemon [_thread_blocked, id=12428, stack(0x00000000169f0000,0x0000000016af0000)]
  0x0000000002fb0800 JavaThread "Finalizer" daemon [_thread_blocked, id=13924, stack(0x00000000168f0000,0x00000000169f0000)]
  0x0000000002fad800 JavaThread "Reference Handler" daemon [_thread_blocked, id=9464, stack(0x00000000167f0000,0x00000000168f0000)]
  0x0000000002d8d800 JavaThread "main" [_thread_blocked, id=13476, stack(0x0000000002c10000,0x0000000002d10000)]

Other Threads:
  0x0000000015655000 VMThread [stack: 0x00000000166f0000,0x00000000167f0000] [id=14024]
  0x00000000156e8000 WatcherThread [stack: 0x0000000016ff0000,0x00000000170f0000] [id=9964]

VM state:not at safepoint (normal execution)

VM Mutex/Monitor currently owned by a thread: None

Heap:
 PSYoungGen      total 105984K, used 43700K [0x00000000eab00000, 0x00000000f1a00000, 0x0000000100000000)
  eden space 98304K, 36% used [0x00000000eab00000,0x00000000ece2eab8,0x00000000f0b00000)
  from space 7680K, 99% used [0x00000000f1280000,0x00000000f19fe660,0x00000000f1a00000)
  to   space 7680K, 0% used [0x00000000f0b00000,0x00000000f0b00000,0x00000000f1280000)
 ParOldGen       total 130048K, used 5494K [0x00000000c0000000, 0x00000000c7f00000, 0x00000000eab00000)
  object space 130048K, 4% used [0x00000000c0000000,0x00000000c055da40,0x00000000c7f00000)
 Metaspace       used 6252K, capacity 7152K, committed 7296K, reserved 1056768K
  class space    used 593K, capacity 616K, committed 640K, reserved 1048576K

Card table byte_map: [0x0000000012380000,0x0000000012590000] byte_map_base: 0x0000000011d80000

Marking Bits: (ParMarkBitMap*) 0x0000000074ecd4f0
 Begin Bits: [0x0000000012af0000, 0x0000000013af0000)
 End Bits:   [0x0000000013af0000, 0x0000000014af0000)

Polling page: 0x0000000001490000

CodeCache: size=245760Kb used=7295Kb max_used=7295Kb free=238464Kb
 bounds [0x0000000002fc0000, 0x00000000036f0000, 0x0000000011fc0000]
 total_blobs=2015 nmethods=1748 adapters=178
 compilation: enabled

Compilation events (10 events):
Event: 7.409 Thread 0x00000000156e1800 1799       2       java.util.ArrayDeque::pollFirst (42 bytes)
Event: 7.409 Thread 0x00000000156e1800 nmethod 1799 0x00000000036c0d50 code [0x00000000036c0ec0, 0x00000000036c1090]
Event: 7.409 Thread 0x00000000156e1800 1800       2       java.util.zip.InflaterInputStream::<init> (79 bytes)
Event: 7.410 Thread 0x00000000156e1800 nmethod 1800 0x00000000036badd0 code [0x00000000036baf60, 0x00000000036bb418]
Event: 7.410 Thread 0x00000000156e1800 1801   !   2       java.util.zip.Inflater::reset (69 bytes)
Event: 7.410 Thread 0x00000000156e1800 nmethod 1801 0x00000000036bebd0 code [0x00000000036bed40, 0x00000000036bf0d8]
Event: 7.410 Thread 0x00000000156e1800 1803       2       java.util.ArrayDeque::add (7 bytes)
Event: 7.410 Thread 0x00000000156e1800 nmethod 1803 0x00000000036be850 code [0x00000000036be9c0, 0x00000000036beb28]
Event: 7.410 Thread 0x00000000156e1800 1804       2       java.util.ArrayDeque::addLast (53 bytes)
Event: 7.411 Thread 0x00000000156e1800 nmethod 1804 0x00000000036be290 code [0x00000000036be400, 0x00000000036be6b8]

GC Heap History (4 events):
Event: 4.615 GC heap before
{Heap before GC invocations=1 (full 0):
 PSYoungGen      total 56832K, used 49152K [0x00000000eab00000, 0x00000000eea00000, 0x0000000100000000)
  eden space 49152K, 100% used [0x00000000eab00000,0x00000000edb00000,0x00000000edb00000)
  from space 7680K, 0% used [0x00000000ee280000,0x00000000ee280000,0x00000000eea00000)
  to   space 7680K, 0% used [0x00000000edb00000,0x00000000edb00000,0x00000000ee280000)
 ParOldGen       total 130048K, used 0K [0x00000000c0000000, 0x00000000c7f00000, 0x00000000eab00000)
  object space 130048K, 0% used [0x00000000c0000000,0x00000000c0000000,0x00000000c7f00000)
 Metaspace       used 6140K, capacity 7088K, committed 7296K, reserved 1056768K
  class space    used 591K, capacity 616K, committed 640K, reserved 1048576K
Event: 4.794 GC heap after
Heap after GC invocations=1 (full 0):
 PSYoungGen      total 56832K, used 7663K [0x00000000eab00000, 0x00000000f1a00000, 0x0000000100000000)
  eden space 49152K, 0% used [0x00000000eab00000,0x00000000eab00000,0x00000000edb00000)
  from space 7680K, 99% used [0x00000000edb00000,0x00000000ee27bef0,0x00000000ee280000)
  to   space 7680K, 0% used [0x00000000f1280000,0x00000000f1280000,0x00000000f1a00000)
 ParOldGen       total 130048K, used 383K [0x00000000c0000000, 0x00000000c7f00000, 0x00000000eab00000)
  object space 130048K, 0% used [0x00000000c0000000,0x00000000c005fce8,0x00000000c7f00000)
 Metaspace       used 6140K, capacity 7088K, committed 7296K, reserved 1056768K
  class space    used 591K, capacity 616K, committed 640K, reserved 1048576K
}
Event: 5.852 GC heap before
{Heap before GC invocations=2 (full 0):
 PSYoungGen      total 56832K, used 56815K [0x00000000eab00000, 0x00000000f1a00000, 0x0000000100000000)
  eden space 49152K, 100% used [0x00000000eab00000,0x00000000edb00000,0x00000000edb00000)
  from space 7680K, 99% used [0x00000000edb00000,0x00000000ee27bef0,0x00000000ee280000)
  to   space 7680K, 0% used [0x00000000f1280000,0x00000000f1280000,0x00000000f1a00000)
 ParOldGen       total 130048K, used 383K [0x00000000c0000000, 0x00000000c7f00000, 0x00000000eab00000)
  object space 130048K, 0% used [0x00000000c0000000,0x00000000c005fce8,0x00000000c7f00000)
 Metaspace       used 6203K, capacity 7088K, committed 7296K, reserved 1056768K
  class space    used 592K, capacity 616K, committed 640K, reserved 1048576K
Event: 6.041 GC heap after
Heap after GC invocations=2 (full 0):
 PSYoungGen      total 105984K, used 7673K [0x00000000eab00000, 0x00000000f1a00000, 0x0000000100000000)
  eden space 98304K, 0% used [0x00000000eab00000,0x00000000eab00000,0x00000000f0b00000)
  from space 7680K, 99% used [0x00000000f1280000,0x00000000f19fe660,0x00000000f1a00000)
  to   space 7680K, 0% used [0x00000000f0b00000,0x00000000f0b00000,0x00000000f1280000)
 ParOldGen       total 130048K, used 5494K [0x00000000c0000000, 0x00000000c7f00000, 0x00000000eab00000)
  object space 130048K, 4% used [0x00000000c0000000,0x00000000c055da40,0x00000000c7f00000)
 Metaspace       used 6203K, capacity 7088K, committed 7296K, reserved 1056768K
  class space    used 592K, capacity 616K, committed 640K, reserved 1048576K
}

Deoptimization events (10 events):
Event: 6.367 Thread 0x0000000017398000 Uncommon trap: reason=bimorphic action=maybe_recompile pc=0x0000000003632364 method=com.android.dx.rop.code.RegisterSpec.withSimpleType()Lcom/android/dx/rop/code/RegisterSpec; @ 21
Event: 6.372 Thread 0x0000000017398000 Uncommon trap: reason=bimorphic action=maybe_recompile pc=0x00000000032469ec method=java.util.HashMap.getNode(ILjava/lang/Object;)Ljava/util/HashMap$Node; @ 126
Event: 6.372 Thread 0x0000000017398000 Uncommon trap: reason=class_check action=maybe_recompile pc=0x00000000033a4eb4 method=java.util.HashMap.putVal(ILjava/lang/Object;Ljava/lang/Object;ZZ)Ljava/lang/Object; @ 203
Event: 6.373 Thread 0x0000000017398000 Uncommon trap: reason=bimorphic action=maybe_recompile pc=0x00000000032469ec method=java.util.HashMap.getNode(ILjava/lang/Object;)Ljava/util/HashMap$Node; @ 126
Event: 6.376 Thread 0x0000000017398000 Uncommon trap: reason=bimorphic action=maybe_recompile pc=0x000000000364fe1c method=com.android.dx.cf.code.BytecodeArray.parseInstruction(ILcom/android/dx/cf/code/BytecodeArray$Visitor;)I @ 1130
Event: 6.376 Thread 0x0000000017398000 Uncommon trap: reason=bimorphic action=maybe_recompile pc=0x00000000036500b4 method=com.android.dx.cf.code.BytecodeArray.parseInstruction(ILcom/android/dx/cf/code/BytecodeArray$Visitor;)I @ 1327
Event: 6.376 Thread 0x0000000017398000 Uncommon trap: reason=bimorphic action=maybe_recompile pc=0x00000000036500b4 method=com.android.dx.cf.code.BytecodeArray.parseInstruction(ILcom/android/dx/cf/code/BytecodeArray$Visitor;)I @ 1327
Event: 6.376 Thread 0x0000000017398000 Uncommon trap: reason=bimorphic action=maybe_recompile pc=0x00000000036500b4 method=com.android.dx.cf.code.BytecodeArray.parseInstruction(ILcom/android/dx/cf/code/BytecodeArray$Visitor;)I @ 1327
Event: 6.442 Thread 0x0000000017398000 Uncommon trap: reason=bimorphic action=maybe_recompile pc=0x00000000032469ec method=java.util.HashMap.getNode(ILjava/lang/Object;)Ljava/util/HashMap$Node; @ 126
Event: 6.665 Thread 0x0000000017407000 Uncommon trap: reason=unloaded action=reinterpret pc=0x000000000366d4e0 method=com.android.dx.ssa.LiteralOpUpgrader$1.visitNonMoveInsn(Lcom/android/dx/ssa/NormalSsaInsn;)V @ 72

Internal exceptions (10 events):
Event: 2.970 Thread 0x0000000017398000 Exception <a 'java/security/PrivilegedActionException'> (0x00000000eb81b3b0) thrown at [C:\workspace\8-2-build-windows-amd64-cygwin\jdk8u31\2394\hotspot\src\share\vm\prims\jvm.cpp, line 1312]
Event: 2.971 Thread 0x0000000017398000 Exception <a 'java/security/PrivilegedActionException'> (0x00000000eb820a70) thrown at [C:\workspace\8-2-build-windows-amd64-cygwin\jdk8u31\2394\hotspot\src\share\vm\prims\jvm.cpp, line 1312]
Event: 2.994 Thread 0x000000001739b800 Exception <a 'java/security/PrivilegedActionException'> (0x00000000ebb63220) thrown at [C:\workspace\8-2-build-windows-amd64-cygwin\jdk8u31\2394\hotspot\src\share\vm\prims\jvm.cpp, line 1312]
Event: 3.466 Thread 0x0000000017407000 Implicit null exception at 0x00000000032de93b to 0x00000000032e0871
Event: 3.467 Thread 0x0000000017407000 Implicit null exception at 0x00000000032e6244 to 0x00000000032e82d5
Event: 3.952 Thread 0x000000001739c000 Exception <a 'java/security/PrivilegedActionException'> (0x00000000ec775760) thrown at [C:\workspace\8-2-build-windows-amd64-cygwin\jdk8u31\2394\hotspot\src\share\vm\prims\jvm.cpp, line 1312]
Event: 3.956 Thread 0x000000001739c000 Implicit null exception at 0x0000000003321b22 to 0x0000000003321c15
Event: 5.628 Thread 0x0000000002d8d800 Exception <a 'java/security/PrivilegedActionException'> (0x00000000ebbfb738) thrown at [C:\workspace\8-2-build-windows-amd64-cygwin\jdk8u31\2394\hotspot\src\share\vm\prims\jvm.cpp, line 1312]
Event: 5.630 Thread 0x0000000002d8d800 Exception <a 'java/security/PrivilegedActionException'> (0x00000000ebbfdf20) thrown at [C:\workspace\8-2-build-windows-amd64-cygwin\jdk8u31\2394\hotspot\src\share\vm\prims\jvm.cpp, line 1312]
Event: 6.665 Thread 0x0000000017407000 Exception <a 'java/security/PrivilegedActionException'> (0x00000000ec74d8e0) thrown at [C:\workspace\8-2-build-windows-amd64-cygwin\jdk8u31\2394\hotspot\src\share\vm\prims\jvm.cpp, line 1312]

Events (10 events):
Event: 6.483 Thread 0x0000000002d8d800 DEOPT UNPACKING pc=0x00000000030075bf sp=0x0000000002d0ea40 mode 0
Event: 6.488 Thread 0x000000001739b800 DEOPT PACKING pc=0x0000000003433f35 sp=0x0000000017feec30
Event: 6.488 Thread 0x000000001739b800 DEOPT UNPACKING pc=0x00000000030075bf sp=0x0000000017fee910 mode 0
Event: 6.508 Thread 0x0000000002d8d800 DEOPT PACKING pc=0x0000000003649101 sp=0x0000000002d0ed80
Event: 6.508 Thread 0x0000000002d8d800 DEOPT UNPACKING pc=0x00000000030075bf sp=0x0000000002d0eb90 mode 0
Event: 6.665 Thread 0x0000000017407000 Uncommon trap: trap_request=0x0000004e fr.pc=0x000000000366d4e0
Event: 6.665 loading class com/android/dx/rop/code/RegOps
Event: 6.665 loading class com/android/dx/rop/code/RegOps done
Event: 6.665 Thread 0x0000000017407000 DEOPT PACKING pc=0x000000000366d4e0 sp=0x00000000181eebb0
Event: 6.665 Thread 0x0000000017407000 DEOPT UNPACKING pc=0x000000000300556a sp=0x00000000181eeb68 mode 2


Dynamic libraries:
0x00007ff67cee0000 - 0x00007ff67cf14000 	C:\Program Files\Java\jdk1.8.0_31\bin\java.exe
0x00007fff762d0000 - 0x00007fff764a1000 	C:\WINDOWS\SYSTEM32\ntdll.dll
0x00007fff74c30000 - 0x00007fff74cdb000 	C:\WINDOWS\System32\KERNEL32.DLL
0x00007fff735e0000 - 0x00007fff737fd000 	C:\WINDOWS\System32\KERNELBASE.dll
0x00007fff73a10000 - 0x00007fff73ab2000 	C:\WINDOWS\System32\ADVAPI32.dll
0x00007fff74720000 - 0x00007fff747be000 	C:\WINDOWS\System32\msvcrt.dll
0x00007fff742c0000 - 0x00007fff74319000 	C:\WINDOWS\System32\sechost.dll
0x00007fff74070000 - 0x00007fff74191000 	C:\WINDOWS\System32\RPCRT4.dll
0x00007fff73dc0000 - 0x00007fff73f25000 	C:\WINDOWS\System32\USER32.dll
0x00007fff73290000 - 0x00007fff732ae000 	C:\WINDOWS\System32\win32u.dll
0x00007fff747c0000 - 0x00007fff747f4000 	C:\WINDOWS\System32\GDI32.dll
0x00007fff732b0000 - 0x00007fff73432000 	C:\WINDOWS\System32\gdi32full.dll
0x00007fff68530000 - 0x00007fff687a9000 	C:\WINDOWS\WinSxS\amd64_microsoft.windows.common-controls_6595b64144ccf1df_6.0.14393.447_none_42191651c6827bb3\COMCTL32.dll
0x00007fff74450000 - 0x00007fff74717000 	C:\WINDOWS\System32\combase.dll
0x00007fff734e0000 - 0x00007fff735d5000 	C:\WINDOWS\System32\ucrtbase.dll
0x00007fff728c0000 - 0x00007fff7292a000 	C:\WINDOWS\System32\bcryptPrimitives.dll
0x00007fff73cf0000 - 0x00007fff73d1e000 	C:\WINDOWS\System32\IMM32.DLL
0x00000000741f0000 - 0x00000000742c2000 	C:\Program Files\Java\jdk1.8.0_31\jre\bin\msvcr100.dll
0x00000000746f0000 - 0x0000000074f4a000 	C:\Program Files\Java\jdk1.8.0_31\jre\bin\server\jvm.dll
0x00007fff74d50000 - 0x00007fff74d58000 	C:\WINDOWS\System32\PSAPI.DLL
0x00007fff6c0b0000 - 0x00007fff6c0b9000 	C:\WINDOWS\SYSTEM32\WSOCK32.dll
0x00007fff74320000 - 0x00007fff7438a000 	C:\WINDOWS\System32\WS2_32.dll
0x00007fff70bf0000 - 0x00007fff70c13000 	C:\WINDOWS\SYSTEM32\WINMM.dll
0x00007fff70b60000 - 0x00007fff70b8b000 	C:\WINDOWS\SYSTEM32\WINMMBASE.dll
0x00007fff727c0000 - 0x00007fff72802000 	C:\WINDOWS\System32\cfgmgr32.dll
0x00000000746e0000 - 0x00000000746ef000 	C:\Program Files\Java\jdk1.8.0_31\jre\bin\verify.dll
0x00000000746b0000 - 0x00000000746d8000 	C:\Program Files\Java\jdk1.8.0_31\jre\bin\java.dll
0x0000000074690000 - 0x00000000746a6000 	C:\Program Files\Java\jdk1.8.0_31\jre\bin\zip.dll
0x00007fff74dc0000 - 0x00007fff762c9000 	C:\WINDOWS\System32\SHELL32.dll
0x00007fff72930000 - 0x00007fff7300a000 	C:\WINDOWS\System32\windows.storage.dll
0x00007fff72760000 - 0x00007fff727ac000 	C:\WINDOWS\System32\powrprof.dll
0x00007fff74d60000 - 0x00007fff74db2000 	C:\WINDOWS\System32\shlwapi.dll
0x00007fff72730000 - 0x00007fff7273f000 	C:\WINDOWS\System32\kernel.appcore.dll
0x00007fff73010000 - 0x00007fff730b9000 	C:\WINDOWS\System32\shcore.dll
0x00007fff72740000 - 0x00007fff72754000 	C:\WINDOWS\System32\profapi.dll

VM Arguments:
jvm_args: -Djava.awt.headless=true -Xmx1024M -Dfile.encoding=windows-1252 -Duser.country=IN -Duser.language=en -Duser.variant 
java_command: com.android.dx.command.Main --dex --num-threads=4 --output C:\Users\prash\AndroidStudioProjects\ScavengerHunt1\app\build\intermediates\pre-dexed\debug\com.facebook.android-facebook-android-sdk-4.11.0_83ebf384a6b0432b37cb978ebf1912a055facf5e.jar C:\Users\prash\AndroidStudioProjects\ScavengerHunt1\app\build\intermediates\exploded-aar\com.facebook.android\facebook-android-sdk\4.11.0\jars\classes.jar
java_class_path (initial): C:\Users\prash\AppData\Local\Android\sdk\build-tools\24.0.2\lib\dx.jar
Launcher Type: SUN_STANDARD

Environment Variables:
PATH=C:\ProgramData\Oracle\Java\javapath;C:\Program Files (x86)\Intel\iCLS Client\;C:\Program Files\Intel\iCLS Client\;C:\WINDOWS\system32;C:\WINDOWS;C:\WINDOWS\System32\Wbem;C:\WINDOWS\System32\WindowsPowerShell\v1.0\;C:\Program Files (x86)\Intel\Intel(R) Management Engine Components\DAL;C:\Program Files\Intel\Intel(R) Management Engine Components\DAL;C:\Program Files (x86)\Intel\Intel(R) Management Engine Components\IPT;C:\Program Files\Intel\Intel(R) Management Engine Components\IPT;C:\Program Files (x86)\Skype\Phone\;C:\Program Files (x86)\Microsoft SQL Server\100\Tools\Binn\;C:\Program Files (x86)\Microsoft SQL Server\100\DTS\Binn\;C:\Program Files (x86)\Microsoft Visual Studio\Common\Tools\WinNT;C:\Program Files (x86)\Microsoft Visual Studio\Common\MSDev98\Bin;C:\Program Files (x86)\Microsoft Visual Studio\Common\Tools;C:\Program Files (x86)\Microsoft Visual Studio\VC98\bin;C:\Program Files (x86)\Nmap;C:\Users\prash\AppData\Local\Microsoft\WindowsApps;C:\Program Files\Java\jdk1.8.0_31\bin
USERNAME=Tyler
OS=Windows_NT
PROCESSOR_IDENTIFIER=Intel64 Family 6 Model 61 Stepping 4, GenuineIntel



---------------  S Y S T E M  ---------------

OS: Windows 8.1 , 64 bit Build 9600 

CPU:total 4 (2 cores per cpu, 2 threads per core) family 6 model 61 stepping 4, cmov, cx8, fxsr, mmx, sse, sse2, sse3, ssse3, sse4.1, sse4.2, popcnt, avx, avx2, aes, clmul, erms, lzcnt, ht, tsc, tscinvbit, bmi1, bmi2

Memory: 4k page, physical 12450516k(3317044k free), swap 16648916k(2552k free)

vm_info: Java HotSpot(TM) 64-Bit Server VM (25.31-b07) for windows-amd64 JRE (1.8.0_31-b13), built on Dec 17 2014 21:00:28 by "java_re" with MS VC++ 10.0 (VS2010)

time: Mon Dec 05 03:39:38 2016
elapsed time: 7 seconds (0d 0h 0m 7s)

