#
# There is insufficient memory for the Java Runtime Environment to continue.
# Native memory allocation (malloc) failed to allocate 67108880 bytes for Chunk::new
# Possible reasons:
#   The system is out of physical RAM or swap space
#   In 32 bit mode, the process size limit was hit
# Possible solutions:
#   Reduce memory load on the system
#   Increase physical memory or swap space
#   Check if swap backing store is full
#   Use 64 bit Java on a 64 bit OS
#   Decrease Java heap size (-Xmx/-Xms)
#   Decrease number of Java threads
#   Decrease Java thread stack sizes (-Xss)
#   Set larger code cache with -XX:ReservedCodeCacheSize=
# This output file may be truncated or incomplete.
#
#  Out of Memory Error (allocation.cpp:390), pid=12128, tid=14324
#
# JRE version: Java(TM) SE Runtime Environment (8.0_31-b13) (build 1.8.0_31-b13)
# Java VM: Java HotSpot(TM) 64-Bit Server VM (25.31-b07 mixed mode windows-amd64 compressed oops)
# Failed to write core dump. Minidumps are not enabled by default on client versions of Windows
#

---------------  T H R E A D  ---------------

Current thread (0x000000001504e800):  JavaThread "C2 CompilerThread0" daemon [_thread_in_native, id=14324, stack(0x00000000165b0000,0x00000000166b0000)]

Stack: [0x00000000165b0000,0x00000000166b0000]
Native frames: (J=compiled Java code, j=interpreted, Vv=VM code, C=native code)
V  [jvm.dll+0x3169ba]
V  [jvm.dll+0x2674c3]
V  [jvm.dll+0x268103]
V  [jvm.dll+0x25f8f5]
V  [jvm.dll+0xbf025]
V  [jvm.dll+0xbf4cc]
V  [jvm.dll+0x431938]
V  [jvm.dll+0x45f9c0]
V  [jvm.dll+0x45fc7a]
V  [jvm.dll+0x460b5f]
V  [jvm.dll+0x462c21]
V  [jvm.dll+0x465055]
V  [jvm.dll+0x4659dc]
V  [jvm.dll+0x465d23]
V  [jvm.dll+0x452b83]
V  [jvm.dll+0x454124]
V  [jvm.dll+0x437c62]
V  [jvm.dll+0x988e2]
V  [jvm.dll+0x990d3]
V  [jvm.dll+0x22c194]
V  [jvm.dll+0x28576a]
C  [msvcr100.dll+0x21d9f]
C  [msvcr100.dll+0x21e3b]
C  [KERNEL32.DLL+0x8364]
C  [ntdll.dll+0x65e91]


Current CompileTask:
C2:  19946 1947   !   4       com.android.dx.cf.code.Ropper::processBlock (1101 bytes)


---------------  P R O C E S S  ---------------

Java Threads: ( => current thread )
  0x00000000168b4800 JavaThread "Service Thread" daemon [_thread_blocked, id=1632, stack(0x0000000016cb0000,0x0000000016db0000)]
  0x00000000150ac000 JavaThread "C1 CompilerThread2" daemon [_thread_blocked, id=13128, stack(0x00000000167b0000,0x00000000168b0000)]
  0x0000000015052800 JavaThread "C2 CompilerThread1" daemon [_thread_blocked, id=3480, stack(0x00000000166b0000,0x00000000167b0000)]
=>0x000000001504e800 JavaThread "C2 CompilerThread0" daemon [_thread_in_native, id=14324, stack(0x00000000165b0000,0x00000000166b0000)]
  0x000000001504c000 JavaThread "Attach Listener" daemon [_thread_blocked, id=12972, stack(0x00000000164b0000,0x00000000165b0000)]
  0x000000000296f000 JavaThread "Finalizer" daemon [_thread_blocked, id=12072, stack(0x00000000162b0000,0x00000000163b0000)]
  0x000000000296c000 JavaThread "Reference Handler" daemon [_thread_blocked, id=8196, stack(0x00000000161b0000,0x00000000162b0000)]

Other Threads:
  0x0000000015015800 VMThread [stack: 0x00000000160b0000,0x00000000161b0000] [id=1424]

VM state:at safepoint (normal execution)

VM Mutex/Monitor currently owned by a thread:  ([mutex/lock_event])
[0x0000000000e1cf80] Threads_lock - owner thread: 0x0000000015015800
[0x0000000000e1c600] Heap_lock - owner thread: 0x0000000000e1d800

Heap:
 PSYoungGen      total 204288K, used 22567K [0x00000000eab00000, 0x0000000100000000, 0x0000000100000000)
  eden space 196608K, 7% used [0x00000000eab00000,0x00000000eb98e888,0x00000000f6b00000)
  from space 7680K, 99% used [0x00000000f6b00000,0x00000000f727b470,0x00000000f7280000)
  to   space 32768K, 0% used [0x00000000fe000000,0x00000000fe000000,0x0000000100000000)
 ParOldGen       total 130048K, used 55285K [0x00000000c0000000, 0x00000000c7f00000, 0x00000000eab00000)
  object space 130048K, 42% used [0x00000000c0000000,0x00000000c35fd7e8,0x00000000c7f00000)
 Metaspace       used 7394K, capacity 7832K, committed 7936K, reserved 1056768K
  class space    used 687K, capacity 720K, committed 768K, reserved 1048576K

Card table byte_map: [0x0000000011d40000,0x0000000011f50000] byte_map_base: 0x0000000011740000

Marking Bits: (ParMarkBitMap*) 0x0000000074ecd4f0
 Begin Bits: [0x00000000124b0000, 0x00000000134b0000)
 End Bits:   [0x00000000134b0000, 0x00000000144b0000)

Polling page: 0x0000000000d40000

CodeCache: size=245760Kb used=10312Kb max_used=10312Kb free=235447Kb
 bounds [0x0000000002980000, 0x00000000033a0000, 0x0000000011980000]
 total_blobs=2917 nmethods=2643 adapters=187
 compilation: enabled

Compilation events (10 events):
Event: 12.387 Thread 0x00000000150ac000 2688       3       java.util.zip.DeflaterOutputStream::deflate (36 bytes)
Event: 12.387 Thread 0x00000000150ac000 nmethod 2688 0x00000000033966d0 code [0x0000000003396860, 0x0000000003396bb8]
Event: 12.388 Thread 0x00000000150ac000 2690       3       java.util.zip.Deflater::needsInput (13 bytes)
Event: 12.388 Thread 0x00000000150ac000 nmethod 2690 0x0000000003395f90 code [0x00000000033960e0, 0x0000000003396290]
Event: 12.803 Thread 0x00000000150ac000 2691   !   3       java.util.zip.Deflater::deflate (140 bytes)
Event: 12.804 Thread 0x00000000150ac000 nmethod 2691 0x0000000003399090 code [0x0000000003399260, 0x0000000003399a28]
Event: 13.673 Thread 0x00000000150ac000 2692       3       java.util.zip.ZipOutputStream::writeInt (69 bytes)
Event: 13.673 Thread 0x00000000150ac000 nmethod 2692 0x0000000003395810 code [0x00000000033959a0, 0x0000000003395e78]
Event: 13.684 Thread 0x00000000150ac000 2693       3       java.util.zip.ZipOutputStream::writeShort (41 bytes)
Event: 13.685 Thread 0x00000000150ac000 nmethod 2693 0x0000000003399e50 code [0x0000000003399fc0, 0x000000000339a2d8]

GC Heap History (10 events):
Event: 3.300 GC heap before
{Heap before GC invocations=1 (full 0):
 PSYoungGen      total 56832K, used 49152K [0x00000000eab00000, 0x00000000eea00000, 0x0000000100000000)
  eden space 49152K, 100% used [0x00000000eab00000,0x00000000edb00000,0x00000000edb00000)
  from space 7680K, 0% used [0x00000000ee280000,0x00000000ee280000,0x00000000eea00000)
  to   space 7680K, 0% used [0x00000000edb00000,0x00000000edb00000,0x00000000ee280000)
 ParOldGen       total 130048K, used 0K [0x00000000c0000000, 0x00000000c7f00000, 0x00000000eab00000)
  object space 130048K, 0% used [0x00000000c0000000,0x00000000c0000000,0x00000000c7f00000)
 Metaspace       used 6045K, capacity 6960K, committed 7040K, reserved 1056768K
  class space    used 587K, capacity 616K, committed 640K, reserved 1048576K
Event: 3.388 GC heap after
Heap after GC invocations=1 (full 0):
 PSYoungGen      total 56832K, used 7660K [0x00000000eab00000, 0x00000000f1a00000, 0x0000000100000000)
  eden space 49152K, 0% used [0x00000000eab00000,0x00000000eab00000,0x00000000edb00000)
  from space 7680K, 99% used [0x00000000edb00000,0x00000000ee27b000,0x00000000ee280000)
  to   space 7680K, 0% used [0x00000000f1280000,0x00000000f1280000,0x00000000f1a00000)
 ParOldGen       total 130048K, used 564K [0x00000000c0000000, 0x00000000c7f00000, 0x00000000eab00000)
  object space 130048K, 0% used [0x00000000c0000000,0x00000000c008d100,0x00000000c7f00000)
 Metaspace       used 6045K, capacity 6960K, committed 7040K, reserved 1056768K
  class space    used 587K, capacity 616K, committed 640K, reserved 1048576K
}
Event: 4.037 GC heap before
{Heap before GC invocations=2 (full 0):
 PSYoungGen      total 56832K, used 56812K [0x00000000eab00000, 0x00000000f1a00000, 0x0000000100000000)
  eden space 49152K, 100% used [0x00000000eab00000,0x00000000edb00000,0x00000000edb00000)
  from space 7680K, 99% used [0x00000000edb00000,0x00000000ee27b000,0x00000000ee280000)
  to   space 7680K, 0% used [0x00000000f1280000,0x00000000f1280000,0x00000000f1a00000)
 ParOldGen       total 130048K, used 564K [0x00000000c0000000, 0x00000000c7f00000, 0x00000000eab00000)
  object space 130048K, 0% used [0x00000000c0000000,0x00000000c008d100,0x00000000c7f00000)
 Metaspace       used 6162K, capacity 7088K, committed 7296K, reserved 1056768K
  class space    used 588K, capacity 616K, committed 640K, reserved 1048576K
Event: 4.139 GC heap after
Heap after GC invocations=2 (full 0):
 PSYoungGen      total 105984K, used 7657K [0x00000000eab00000, 0x00000000f1a00000, 0x0000000100000000)
  eden space 98304K, 0% used [0x00000000eab00000,0x00000000eab00000,0x00000000f0b00000)
  from space 7680K, 99% used [0x00000000f1280000,0x00000000f19fa4e0,0x00000000f1a00000)
  to   space 7680K, 0% used [0x00000000f0b00000,0x00000000f0b00000,0x00000000f1280000)
 ParOldGen       total 130048K, used 7346K [0x00000000c0000000, 0x00000000c7f00000, 0x00000000eab00000)
  object space 130048K, 5% used [0x00000000c0000000,0x00000000c072cae8,0x00000000c7f00000)
 Metaspace       used 6162K, capacity 7088K, committed 7296K, reserved 1056768K
  class space    used 588K, capacity 616K, committed 640K, reserved 1048576K
}
Event: 5.179 GC heap before
{Heap before GC invocations=3 (full 0):
 PSYoungGen      total 105984K, used 105961K [0x00000000eab00000, 0x00000000f1a00000, 0x0000000100000000)
  eden space 98304K, 100% used [0x00000000eab00000,0x00000000f0b00000,0x00000000f0b00000)
  from space 7680K, 99% used [0x00000000f1280000,0x00000000f19fa4e0,0x00000000f1a00000)
  to   space 7680K, 0% used [0x00000000f0b00000,0x00000000f0b00000,0x00000000f1280000)
 ParOldGen       total 130048K, used 7346K [0x00000000c0000000, 0x00000000c7f00000, 0x00000000eab00000)
  object space 130048K, 5% used [0x00000000c0000000,0x00000000c072cae8,0x00000000c7f00000)
 Metaspace       used 6313K, capacity 7128K, committed 7424K, reserved 1056768K
  class space    used 609K, capacity 656K, committed 768K, reserved 1048576K
Event: 5.248 GC heap after
Heap after GC invocations=3 (full 0):
 PSYoungGen      total 105984K, used 7659K [0x00000000eab00000, 0x00000000f7a00000, 0x0000000100000000)
  eden space 98304K, 0% used [0x00000000eab00000,0x00000000eab00000,0x00000000f0b00000)
  from space 7680K, 99% used [0x00000000f0b00000,0x00000000f127ae80,0x00000000f1280000)
  to   space 7680K, 0% used [0x00000000f7280000,0x00000000f7280000,0x00000000f7a00000)
 ParOldGen       total 130048K, used 21982K [0x00000000c0000000, 0x00000000c7f00000, 0x00000000eab00000)
  object space 130048K, 16% used [0x00000000c0000000,0x00000000c1577a40,0x00000000c7f00000)
 Metaspace       used 6313K, capacity 7128K, committed 7424K, reserved 1056768K
  class space    used 609K, capacity 656K, committed 768K, reserved 1048576K
}
Event: 5.887 GC heap before
{Heap before GC invocations=4 (full 0):
 PSYoungGen      total 105984K, used 105963K [0x00000000eab00000, 0x00000000f7a00000, 0x0000000100000000)
  eden space 98304K, 100% used [0x00000000eab00000,0x00000000f0b00000,0x00000000f0b00000)
  from space 7680K, 99% used [0x00000000f0b00000,0x00000000f127ae80,0x00000000f1280000)
  to   space 7680K, 0% used [0x00000000f7280000,0x00000000f7280000,0x00000000f7a00000)
 ParOldGen       total 130048K, used 21982K [0x00000000c0000000, 0x00000000c7f00000, 0x00000000eab00000)
  object space 130048K, 16% used [0x00000000c0000000,0x00000000c1577a40,0x00000000c7f00000)
 Metaspace       used 6396K, capacity 7192K, committed 7424K, reserved 1056768K
  class space    used 609K, capacity 656K, committed 768K, reserved 1048576K
Event: 5.953 GC heap after
Heap after GC invocations=4 (full 0):
 PSYoungGen      total 204288K, used 7669K [0x00000000eab00000, 0x00000000f7a00000, 0x0000000100000000)
  eden space 196608K, 0% used [0x00000000eab00000,0x00000000eab00000,0x00000000f6b00000)
  from space 7680K, 99% used [0x00000000f7280000,0x00000000f79fd7f8,0x00000000f7a00000)
  to   space 7680K, 0% used [0x00000000f6b00000,0x00000000f6b00000,0x00000000f7280000)
 ParOldGen       total 130048K, used 37573K [0x00000000c0000000, 0x00000000c7f00000, 0x00000000eab00000)
  object space 130048K, 28% used [0x00000000c0000000,0x00000000c24b16a8,0x00000000c7f00000)
 Metaspace       used 6396K, capacity 7192K, committed 7424K, reserved 1056768K
  class space    used 609K, capacity 656K, committed 768K, reserved 1048576K
}
Event: 8.997 GC heap before
{Heap before GC invocations=5 (full 0):
 PSYoungGen      total 204288K, used 204277K [0x00000000eab00000, 0x00000000f7a00000, 0x0000000100000000)
  eden space 196608K, 100% used [0x00000000eab00000,0x00000000f6b00000,0x00000000f6b00000)
  from space 7680K, 99% used [0x00000000f7280000,0x00000000f79fd7f8,0x00000000f7a00000)
  to   space 7680K, 0% used [0x00000000f6b00000,0x00000000f6b00000,0x00000000f7280000)
 ParOldGen       total 130048K, used 37573K [0x00000000c0000000, 0x00000000c7f00000, 0x00000000eab00000)
  object space 130048K, 28% used [0x00000000c0000000,0x00000000c24b16a8,0x00000000c7f00000)
 Metaspace       used 6708K, capacity 7448K, committed 7680K, reserved 1056768K
  class space    used 625K, capacity 656K, committed 768K, reserved 1048576K
Event: 9.124 GC heap after
Heap after GC invocations=5 (full 0):
 PSYoungGen      total 204288K, used 7661K [0x00000000eab00000, 0x0000000100000000, 0x0000000100000000)
  eden space 196608K, 0% used [0x00000000eab00000,0x00000000eab00000,0x00000000f6b00000)
  from space 7680K, 99% used [0x00000000f6b00000,0x00000000f727b470,0x00000000f7280000)
  to   space 32768K, 0% used [0x00000000fe000000,0x00000000fe000000,0x0000000100000000)
 ParOldGen       total 130048K, used 55285K [0x00000000c0000000, 0x00000000c7f00000, 0x00000000eab00000)
  object space 130048K, 42% used [0x00000000c0000000,0x00000000c35fd7e8,0x00000000c7f00000)
 Metaspace       used 6708K, capacity 7448K, committed 7680K, reserved 1056768K
  class space    used 625K, capacity 656K, committed 768K, reserved 1048576K
}

Deoptimization events (10 events):
Event: 7.817 Thread 0x0000000000e1d800 Uncommon trap: reason=speculate_class_check action=maybe_recompile pc=0x0000000002d299f4 method=com.android.dx.util.FixedSizeList.equals(Ljava/lang/Object;)Z @ 25
Event: 7.817 Thread 0x0000000000e1d800 Uncommon trap: reason=class_check action=maybe_recompile pc=0x0000000002ceea28 method=java.util.Arrays.equals([Ljava/lang/Object;[Ljava/lang/Object;)Z @ 62
Event: 7.817 Thread 0x0000000000e1d800 Uncommon trap: reason=bimorphic action=maybe_recompile pc=0x000000000314a510 method=java.util.TreeMap.compare(Ljava/lang/Object;Ljava/lang/Object;)I @ 12
Event: 7.822 Thread 0x0000000000e1d800 Uncommon trap: reason=class_check action=maybe_recompile pc=0x0000000002ceea28 method=java.util.Arrays.equals([Ljava/lang/Object;[Ljava/lang/Object;)Z @ 62
Event: 7.823 Thread 0x0000000000e1d800 Uncommon trap: reason=bimorphic action=maybe_recompile pc=0x000000000314a510 method=java.util.TreeMap.compare(Ljava/lang/Object;Ljava/lang/Object;)I @ 12
Event: 10.702 Thread 0x0000000000e1d800 Uncommon trap: reason=bimorphic action=maybe_recompile pc=0x000000000334b6c4 method=com.android.dx.dex.file.OffsettedItem.writeTo(Lcom/android/dx/dex/file/DexFile;Lcom/android/dx/util/AnnotatedOutput;)V @ 68
Event: 10.702 Thread 0x0000000000e1d800 Uncommon trap: reason=bimorphic action=maybe_recompile pc=0x000000000334b6c4 method=com.android.dx.dex.file.OffsettedItem.writeTo(Lcom/android/dx/dex/file/DexFile;Lcom/android/dx/util/AnnotatedOutput;)V @ 68
Event: 10.702 Thread 0x0000000000e1d800 Uncommon trap: reason=bimorphic action=maybe_recompile pc=0x000000000334b6c4 method=com.android.dx.dex.file.OffsettedItem.writeTo(Lcom/android/dx/dex/file/DexFile;Lcom/android/dx/util/AnnotatedOutput;)V @ 68
Event: 10.702 Thread 0x0000000000e1d800 Uncommon trap: reason=bimorphic action=maybe_recompile pc=0x000000000334b6c4 method=com.android.dx.dex.file.OffsettedItem.writeTo(Lcom/android/dx/dex/file/DexFile;Lcom/android/dx/util/AnnotatedOutput;)V @ 68
Event: 10.834 Thread 0x0000000000e1d800 Uncommon trap: reason=unreached action=reinterpret pc=0x0000000002ca0228 method=java.util.Arrays.copyOf([Ljava/lang/Object;ILjava/lang/Class;)[Ljava/lang/Object; @ 3

Internal exceptions (10 events):
Event: 11.308 Thread 0x0000000000e1d800 Exception <a 'java/security/PrivilegedActionException'> (0x00000000eb5f1808) thrown at [C:\workspace\8-2-build-windows-amd64-cygwin\jdk8u31\2394\hotspot\src\share\vm\prims\jvm.cpp, line 1312]
Event: 11.308 Thread 0x0000000000e1d800 Exception <a 'java/security/PrivilegedActionException'> (0x00000000eb5f62d8) thrown at [C:\workspace\8-2-build-windows-amd64-cygwin\jdk8u31\2394\hotspot\src\share\vm\prims\jvm.cpp, line 1312]
Event: 11.336 Thread 0x0000000000e1d800 Exception <a 'java/security/PrivilegedActionException'> (0x00000000eb5f8220) thrown at [C:\workspace\8-2-build-windows-amd64-cygwin\jdk8u31\2394\hotspot\src\share\vm\prims\jvm.cpp, line 1312]
Event: 11.336 Thread 0x0000000000e1d800 Exception <a 'java/security/PrivilegedActionException'> (0x00000000eb5fa5f8) thrown at [C:\workspace\8-2-build-windows-amd64-cygwin\jdk8u31\2394\hotspot\src\share\vm\prims\jvm.cpp, line 1312]
Event: 11.337 Thread 0x0000000000e1d800 Exception <a 'java/security/PrivilegedActionException'> (0x00000000eb79bc80) thrown at [C:\workspace\8-2-build-windows-amd64-cygwin\jdk8u31\2394\hotspot\src\share\vm\prims\jvm.cpp, line 1312]
Event: 11.358 Thread 0x0000000000e1d800 Exception <a 'java/security/PrivilegedActionException'> (0x00000000eb79f2a0) thrown at [C:\workspace\8-2-build-windows-amd64-cygwin\jdk8u31\2394\hotspot\src\share\vm\prims\jvm.cpp, line 1312]
Event: 11.359 Thread 0x0000000000e1d800 Exception <a 'java/security/PrivilegedActionException'> (0x00000000eb7a22b8) thrown at [C:\workspace\8-2-build-windows-amd64-cygwin\jdk8u31\2394\hotspot\src\share\vm\prims\jvm.cpp, line 1312]
Event: 11.359 Thread 0x0000000000e1d800 Exception <a 'java/security/PrivilegedActionException'> (0x00000000eb7a5720) thrown at [C:\workspace\8-2-build-windows-amd64-cygwin\jdk8u31\2394\hotspot\src\share\vm\prims\jvm.cpp, line 1312]
Event: 11.360 Thread 0x0000000000e1d800 Exception <a 'java/security/PrivilegedActionException'> (0x00000000eb7a8b40) thrown at [C:\workspace\8-2-build-windows-amd64-cygwin\jdk8u31\2394\hotspot\src\share\vm\prims\jvm.cpp, line 1312]
Event: 11.360 Thread 0x0000000000e1d800 Exception <a 'java/security/PrivilegedActionException'> (0x00000000eb7abfa0) thrown at [C:\workspace\8-2-build-windows-amd64-cygwin\jdk8u31\2394\hotspot\src\share\vm\prims\jvm.cpp, line 1312]

Events (10 events):
Event: 13.690 loading class java/io/FileOutputStream$1
Event: 13.690 loading class java/io/FileOutputStream$1 done
Event: 13.703 Thread 0x0000000000e1d800 Thread exited: 0x0000000000e1d800
Event: 13.703 Thread 0x0000000000e1d800 Thread added: 0x0000000000e1d800
Event: 13.703 loading class java/lang/Shutdown
Event: 13.704 loading class java/lang/Shutdown done
Event: 13.704 loading class java/lang/Shutdown$Lock
Event: 13.704 loading class java/lang/Shutdown$Lock done
Event: 13.704 Thread 0x000000001504b000 Thread exited: 0x000000001504b000
Event: 13.704 Thread 0x0000000000e1d800 Thread exited: 0x0000000000e1d800


Dynamic libraries:
0x00007ff67cee0000 - 0x00007ff67cf14000 	C:\Program Files\Java\jdk1.8.0_31\bin\java.exe
0x00007fff762d0000 - 0x00007fff764a1000 	C:\WINDOWS\SYSTEM32\ntdll.dll
0x00007fff74c30000 - 0x00007fff74cdb000 	C:\WINDOWS\System32\KERNEL32.DLL
0x00007fff735e0000 - 0x00007fff737fd000 	C:\WINDOWS\System32\KERNELBASE.dll
0x00007fff73a10000 - 0x00007fff73ab2000 	C:\WINDOWS\System32\ADVAPI32.dll
0x00007fff74720000 - 0x00007fff747be000 	C:\WINDOWS\System32\msvcrt.dll
0x00007fff742c0000 - 0x00007fff74319000 	C:\WINDOWS\System32\sechost.dll
0x00007fff74070000 - 0x00007fff74191000 	C:\WINDOWS\System32\RPCRT4.dll
0x00007fff73dc0000 - 0x00007fff73f25000 	C:\WINDOWS\System32\USER32.dll
0x00007fff73290000 - 0x00007fff732ae000 	C:\WINDOWS\System32\win32u.dll
0x00007fff747c0000 - 0x00007fff747f4000 	C:\WINDOWS\System32\GDI32.dll
0x00007fff732b0000 - 0x00007fff73432000 	C:\WINDOWS\System32\gdi32full.dll
0x00007fff68530000 - 0x00007fff687a9000 	C:\WINDOWS\WinSxS\amd64_microsoft.windows.common-controls_6595b64144ccf1df_6.0.14393.447_none_42191651c6827bb3\COMCTL32.dll
0x00007fff74450000 - 0x00007fff74717000 	C:\WINDOWS\System32\combase.dll
0x00007fff734e0000 - 0x00007fff735d5000 	C:\WINDOWS\System32\ucrtbase.dll
0x00007fff728c0000 - 0x00007fff7292a000 	C:\WINDOWS\System32\bcryptPrimitives.dll
0x00007fff73cf0000 - 0x00007fff73d1e000 	C:\WINDOWS\System32\IMM32.DLL
0x00000000741f0000 - 0x00000000742c2000 	C:\Program Files\Java\jdk1.8.0_31\jre\bin\msvcr100.dll
0x00000000746f0000 - 0x0000000074f4a000 	C:\Program Files\Java\jdk1.8.0_31\jre\bin\server\jvm.dll
0x00007fff74d50000 - 0x00007fff74d58000 	C:\WINDOWS\System32\PSAPI.DLL
0x00007fff6c0b0000 - 0x00007fff6c0b9000 	C:\WINDOWS\SYSTEM32\WSOCK32.dll
0x00007fff74320000 - 0x00007fff7438a000 	C:\WINDOWS\System32\WS2_32.dll
0x00007fff70bf0000 - 0x00007fff70c13000 	C:\WINDOWS\SYSTEM32\WINMM.dll
0x00007fff70b60000 - 0x00007fff70b8b000 	C:\WINDOWS\SYSTEM32\WINMMBASE.dll
0x00007fff727c0000 - 0x00007fff72802000 	C:\WINDOWS\System32\cfgmgr32.dll
0x00000000746e0000 - 0x00000000746ef000 	C:\Program Files\Java\jdk1.8.0_31\jre\bin\verify.dll
0x00000000746b0000 - 0x00000000746d8000 	C:\Program Files\Java\jdk1.8.0_31\jre\bin\java.dll
0x0000000074690000 - 0x00000000746a6000 	C:\Program Files\Java\jdk1.8.0_31\jre\bin\zip.dll
0x00007fff74dc0000 - 0x00007fff762c9000 	C:\WINDOWS\System32\SHELL32.dll
0x00007fff72930000 - 0x00007fff7300a000 	C:\WINDOWS\System32\windows.storage.dll
0x00007fff72760000 - 0x00007fff727ac000 	C:\WINDOWS\System32\powrprof.dll
0x00007fff74d60000 - 0x00007fff74db2000 	C:\WINDOWS\System32\shlwapi.dll
0x00007fff72730000 - 0x00007fff7273f000 	C:\WINDOWS\System32\kernel.appcore.dll
0x00007fff73010000 - 0x00007fff730b9000 	C:\WINDOWS\System32\shcore.dll
0x00007fff72740000 - 0x00007fff72754000 	C:\WINDOWS\System32\profapi.dll
0x00007fff6bf10000 - 0x00007fff6c0a2000 	C:\WINDOWS\SYSTEM32\dbghelp.dll

VM Arguments:
jvm_args: -Djava.awt.headless=true -Xmx1024M -Dfile.encoding=windows-1252 -Duser.country=IN -Duser.language=en -Duser.variant 
java_command: com.android.dx.command.Main --dex --num-threads=4 --output C:\Users\prash\AndroidStudioProjects\ScavengerHunt1\app\build\intermediates\pre-dexed\debug\jackson-databind-2.2.2_685c9f96fbe71a6b9458a022c267493c78596e0b.jar C:\Users\prash\.gradle\caches\modules-2\files-2.1\com.fasterxml.jackson.core\jackson-databind\2.2.2\3c8f6018eaa72d43b261181e801e6f8676c16ef6\jackson-databind-2.2.2.jar
java_class_path (initial): C:\Users\prash\AppData\Local\Android\sdk\build-tools\24.0.2\lib\dx.jar
Launcher Type: SUN_STANDARD

Environment Variables:
PATH=C:\ProgramData\Oracle\Java\javapath;C:\Program Files (x86)\Intel\iCLS Client\;C:\Program Files\Intel\iCLS Client\;C:\WINDOWS\system32;C:\WINDOWS;C:\WINDOWS\System32\Wbem;C:\WINDOWS\System32\WindowsPowerShell\v1.0\;C:\Program Files (x86)\Intel\Intel(R) Management Engine Components\DAL;C:\Program Files\Intel\Intel(R) Management Engine Components\DAL;C:\Program Files (x86)\Intel\Intel(R) Management Engine Components\IPT;C:\Program Files\Intel\Intel(R) Management Engine Components\IPT;C:\Program Files (x86)\Skype\Phone\;C:\Program Files (x86)\Microsoft SQL Server\100\Tools\Binn\;C:\Program Files (x86)\Microsoft SQL Server\100\DTS\Binn\;C:\Program Files (x86)\Microsoft Visual Studio\Common\Tools\WinNT;C:\Program Files (x86)\Microsoft Visual Studio\Common\MSDev98\Bin;C:\Program Files (x86)\Microsoft Visual Studio\Common\Tools;C:\Program Files (x86)\Microsoft Visual Studio\VC98\bin;C:\Program Files (x86)\Nmap;C:\Users\prash\AppData\Local\Microsoft\WindowsApps;C:\Program Files\Java\jdk1.8.0_31\bin
USERNAME=Tyler
OS=Windows_NT
PROCESSOR_IDENTIFIER=Intel64 Family 6 Model 61 Stepping 4, GenuineIntel



---------------  S Y S T E M  ---------------

OS: Windows 8.1 , 64 bit Build 9600 

CPU:total 4 (2 cores per cpu, 2 threads per core) family 6 model 61 stepping 4, cmov, cx8, fxsr, mmx, sse, sse2, sse3, ssse3, sse4.1, sse4.2, popcnt, avx, avx2, aes, clmul, erms, lzcnt, ht, tsc, tscinvbit, bmi1, bmi2

Memory: 4k page, physical 12450516k(3276052k free), swap 16648916k(35044k free)

vm_info: Java HotSpot(TM) 64-Bit Server VM (25.31-b07) for windows-amd64 JRE (1.8.0_31-b13), built on Dec 17 2014 21:00:28 by "java_re" with MS VC++ 10.0 (VS2010)

time: Mon Dec 05 03:39:45 2016
elapsed time: 19 seconds (0d 0h 0m 19s)

