#
# There is insufficient memory for the Java Runtime Environment to continue.
# Native memory allocation (malloc) failed to allocate 46016 bytes for Chunk::new
# Possible reasons:
#   The system is out of physical RAM or swap space
#   In 32 bit mode, the process size limit was hit
# Possible solutions:
#   Reduce memory load on the system
#   Increase physical memory or swap space
#   Check if swap backing store is full
#   Use 64 bit Java on a 64 bit OS
#   Decrease Java heap size (-Xmx/-Xms)
#   Decrease number of Java threads
#   Decrease Java thread stack sizes (-Xss)
#   Set larger code cache with -XX:ReservedCodeCacheSize=
# This output file may be truncated or incomplete.
#
#  Out of Memory Error (allocation.cpp:390), pid=13880, tid=13660
#
# JRE version: Java(TM) SE Runtime Environment (8.0_31-b13) (build 1.8.0_31-b13)
# Java VM: Java HotSpot(TM) 64-Bit Server VM (25.31-b07 mixed mode windows-amd64 compressed oops)
# Failed to write core dump. Minidumps are not enabled by default on client versions of Windows
#

---------------  T H R E A D  ---------------

Current thread (0x0000000014c3e800):  JavaThread "C2 CompilerThread1" daemon [_thread_in_native, id=13660, stack(0x0000000016270000,0x0000000016370000)]

Stack: [0x0000000016270000,0x0000000016370000]
Native frames: (J=compiled Java code, j=interpreted, Vv=VM code, C=native code)
V  [jvm.dll+0x3169ba]
V  [jvm.dll+0x2674c3]
V  [jvm.dll+0x268103]
V  [jvm.dll+0x25f8f5]
V  [jvm.dll+0xbf025]
V  [jvm.dll+0xbf4cc]
V  [jvm.dll+0x45df82]
V  [jvm.dll+0x49f21f]
V  [jvm.dll+0x453094]
V  [jvm.dll+0x454124]
V  [jvm.dll+0x437c62]
V  [jvm.dll+0x988e2]
V  [jvm.dll+0x990d3]
V  [jvm.dll+0x22c194]
V  [jvm.dll+0x28576a]
C  [msvcr100.dll+0x21d9f]
C  [msvcr100.dll+0x21e3b]
C  [KERNEL32.DLL+0x8364]
C  [ntdll.dll+0x65e91]


Current CompileTask:
C2:   4436  273       4       java.lang.String::equals (81 bytes)


---------------  P R O C E S S  ---------------

Java Threads: ( => current thread )
  0x00000000166ca000 JavaThread "pool-2-thread-4" [_thread_blocked, id=8872, stack(0x0000000016e70000,0x0000000016f70000)]
  0x00000000166c5000 JavaThread "pool-2-thread-3" [_thread_in_Java, id=11760, stack(0x0000000016d70000,0x0000000016e70000)]
  0x00000000166c3800 JavaThread "pool-2-thread-2" [_thread_blocked, id=13724, stack(0x0000000016c70000,0x0000000016d70000)]
  0x00000000165be000 JavaThread "pool-3-thread-1" [_thread_blocked, id=4688, stack(0x0000000016b70000,0x0000000016c70000)]
  0x00000000165bb800 JavaThread "pool-2-thread-1" [_thread_blocked, id=1628, stack(0x0000000016a70000,0x0000000016b70000)]
  0x0000000014c7e800 JavaThread "Service Thread" daemon [_thread_blocked, id=8856, stack(0x0000000016870000,0x0000000016970000)]
  0x0000000014c7b800 JavaThread "C1 CompilerThread2" daemon [_thread_in_native, id=4768, stack(0x0000000016370000,0x0000000016470000)]
=>0x0000000014c3e800 JavaThread "C2 CompilerThread1" daemon [_thread_in_native, id=13660, stack(0x0000000016270000,0x0000000016370000)]
  0x0000000014c20000 JavaThread "C2 CompilerThread0" daemon [_thread_blocked, id=9816, stack(0x0000000016170000,0x0000000016270000)]
  0x0000000014c1e000 JavaThread "Attach Listener" daemon [_thread_blocked, id=12528, stack(0x0000000016070000,0x0000000016170000)]
  0x0000000014c1b000 JavaThread "Signal Dispatcher" daemon [_thread_blocked, id=7588, stack(0x0000000015f70000,0x0000000016070000)]
  0x0000000002540800 JavaThread "Finalizer" daemon [_thread_blocked, id=4316, stack(0x0000000015e70000,0x0000000015f70000)]
  0x000000000253d800 JavaThread "Reference Handler" daemon [_thread_blocked, id=10916, stack(0x0000000015d70000,0x0000000015e70000)]
  0x00000000022fd800 JavaThread "main" [_thread_blocked, id=10212, stack(0x00000000021d0000,0x00000000022d0000)]

Other Threads:
  0x0000000014be5000 VMThread [stack: 0x0000000015c70000,0x0000000015d70000] [id=7064]
  0x0000000016476000 WatcherThread [stack: 0x0000000016970000,0x0000000016a70000] [id=6064]

VM state:not at safepoint (normal execution)

VM Mutex/Monitor currently owned by a thread: None

Heap:
 PSYoungGen      total 56832K, used 12780K [0x00000000eab00000, 0x00000000eea00000, 0x0000000100000000)
  eden space 49152K, 26% used [0x00000000eab00000,0x00000000eb77b258,0x00000000edb00000)
  from space 7680K, 0% used [0x00000000ee280000,0x00000000ee280000,0x00000000eea00000)
  to   space 7680K, 0% used [0x00000000edb00000,0x00000000edb00000,0x00000000ee280000)
 ParOldGen       total 130048K, used 0K [0x00000000c0000000, 0x00000000c7f00000, 0x00000000eab00000)
  object space 130048K, 0% used [0x00000000c0000000,0x00000000c0000000,0x00000000c7f00000)
 Metaspace       used 5000K, capacity 6160K, committed 6272K, reserved 1056768K
  class space    used 548K, capacity 584K, committed 640K, reserved 1048576K

Card table byte_map: [0x0000000011910000,0x0000000011b20000] byte_map_base: 0x0000000011310000

Marking Bits: (ParMarkBitMap*) 0x000000005382d4f0
 Begin Bits: [0x0000000012080000, 0x0000000013080000)
 End Bits:   [0x0000000013080000, 0x0000000014080000)

Polling page: 0x0000000000a70000

CodeCache: size=245760Kb used=1828Kb max_used=1837Kb free=243931Kb
 bounds [0x0000000002550000, 0x00000000027c0000, 0x0000000011550000]
 total_blobs=633 nmethods=370 adapters=177
 compilation: enabled

Compilation events (10 events):
Event: 3.606 Thread 0x0000000014c7b800  267       3       java.util.zip.ZipCoder::getBytes (192 bytes)
Event: 3.609 Thread 0x0000000014c7b800 nmethod 267 0x00000000026e95d0 code [0x00000000026e9960, 0x00000000026ebbf8]
Event: 3.612 Thread 0x0000000014c7b800  269       3       java.net.URLStreamHandler::getDefaultPort (2 bytes)
Event: 3.612 Thread 0x0000000014c7b800 nmethod 269 0x00000000026ed050 code [0x00000000026ed1a0, 0x00000000026ed2f0]
Event: 3.612 Thread 0x0000000014c7b800  270       3       java.lang.ClassLoader::loadClass (7 bytes)
Event: 3.613 Thread 0x0000000014c7b800 nmethod 270 0x00000000026ed350 code [0x00000000026ed4c0, 0x00000000026ed6e8]
Event: 3.613 Thread 0x0000000014c7b800  271       3       sun.misc.Launcher$AppClassLoader::loadClass (40 bytes)
Event: 3.613 Thread 0x0000000014c7b800 nmethod 271 0x00000000026ed790 code [0x00000000026ed940, 0x00000000026edef8]
Event: 4.341 Thread 0x0000000014c3e800  273       4       java.lang.String::equals (81 bytes)
Event: 4.342 Thread 0x0000000014c7b800  274   !   3       java.net.URLClassLoader$1::run (73 bytes)

GC Heap History (0 events):
No events

Deoptimization events (0 events):
No events

Internal exceptions (10 events):
Event: 3.606 Thread 0x00000000165bb800 Exception <a 'java/security/PrivilegedActionException'> (0x00000000eb1ff910) thrown at [C:\workspace\8-2-build-windows-amd64-cygwin\jdk8u31\2394\hotspot\src\share\vm\prims\jvm.cpp, line 1312]
Event: 3.610 Thread 0x00000000165bb800 Exception <a 'java/security/PrivilegedActionException'> (0x00000000eb201bd0) thrown at [C:\workspace\8-2-build-windows-amd64-cygwin\jdk8u31\2394\hotspot\src\share\vm\prims\jvm.cpp, line 1312]
Event: 3.611 Thread 0x00000000165bb800 Exception <a 'java/security/PrivilegedActionException'> (0x00000000eb204f58) thrown at [C:\workspace\8-2-build-windows-amd64-cygwin\jdk8u31\2394\hotspot\src\share\vm\prims\jvm.cpp, line 1312]
Event: 3.612 Thread 0x00000000165bb800 Exception <a 'java/security/PrivilegedActionException'> (0x00000000eb207ee0) thrown at [C:\workspace\8-2-build-windows-amd64-cygwin\jdk8u31\2394\hotspot\src\share\vm\prims\jvm.cpp, line 1312]
Event: 3.615 Thread 0x00000000165bb800 Exception <a 'java/security/PrivilegedActionException'> (0x00000000eb20b2c8) thrown at [C:\workspace\8-2-build-windows-amd64-cygwin\jdk8u31\2394\hotspot\src\share\vm\prims\jvm.cpp, line 1312]
Event: 3.617 Thread 0x00000000165bb800 Exception <a 'java/security/PrivilegedActionException'> (0x00000000eb214830) thrown at [C:\workspace\8-2-build-windows-amd64-cygwin\jdk8u31\2394\hotspot\src\share\vm\prims\jvm.cpp, line 1312]
Event: 3.618 Thread 0x00000000165bb800 Exception <a 'java/security/PrivilegedActionException'> (0x00000000eb218cf8) thrown at [C:\workspace\8-2-build-windows-amd64-cygwin\jdk8u31\2394\hotspot\src\share\vm\prims\jvm.cpp, line 1312]
Event: 4.340 Thread 0x00000000165bb800 Exception <a 'java/security/PrivilegedActionException'> (0x00000000eb230338) thrown at [C:\workspace\8-2-build-windows-amd64-cygwin\jdk8u31\2394\hotspot\src\share\vm\prims\jvm.cpp, line 1312]
Event: 4.340 Thread 0x00000000166ca000 Exception <a 'java/security/PrivilegedActionException'> (0x00000000eb3a46b8) thrown at [C:\workspace\8-2-build-windows-amd64-cygwin\jdk8u31\2394\hotspot\src\share\vm\prims\jvm.cpp, line 1312]
Event: 4.342 Thread 0x00000000166ca000 Exception <a 'java/security/PrivilegedActionException'> (0x00000000eb3aa168) thrown at [C:\workspace\8-2-build-windows-amd64-cygwin\jdk8u31\2394\hotspot\src\share\vm\prims\jvm.cpp, line 1312]

Events (10 events):
Event: 3.617 loading class com/android/dx/rop/code/RegisterSpec$ForComparison
Event: 3.617 loading class com/android/dx/rop/code/RegisterSpec$ForComparison done
Event: 3.618 loading class com/android/dx/rop/code/Rops
Event: 3.618 loading class com/android/dx/rop/code/Rops done
Event: 4.340 loading class com/android/dx/rop/code/Rop
Event: 4.340 loading class com/android/dx/rop/code/Rop done
Event: 4.340 loading class com/android/dx/dex/file/EncodedMethod
Event: 4.340 loading class com/android/dx/dex/file/EncodedMethod done
Event: 4.342 loading class com/android/dx/dex/file/CodeItem
Event: 4.342 loading class com/android/dx/dex/file/CodeItem done


Dynamic libraries:
0x00007ff6d7490000 - 0x00007ff6d74c4000 	C:\Program Files\Java\jdk1.8.0_31\bin\java.exe
0x00007ffc4a120000 - 0x00007ffc4a2f1000 	C:\WINDOWS\SYSTEM32\ntdll.dll
0x00007ffc49500000 - 0x00007ffc495ab000 	C:\WINDOWS\System32\KERNEL32.DLL
0x00007ffc468f0000 - 0x00007ffc46b0d000 	C:\WINDOWS\System32\KERNELBASE.dll
0x00007ffc49f20000 - 0x00007ffc49fc2000 	C:\WINDOWS\System32\ADVAPI32.dll
0x00007ffc49ab0000 - 0x00007ffc49b4e000 	C:\WINDOWS\System32\msvcrt.dll
0x00007ffc495e0000 - 0x00007ffc49639000 	C:\WINDOWS\System32\sechost.dll
0x00007ffc49980000 - 0x00007ffc49aa1000 	C:\WINDOWS\System32\RPCRT4.dll
0x00007ffc47e80000 - 0x00007ffc47fe5000 	C:\WINDOWS\System32\USER32.dll
0x00007ffc46d30000 - 0x00007ffc46d4e000 	C:\WINDOWS\System32\win32u.dll
0x00007ffc49fd0000 - 0x00007ffc4a004000 	C:\WINDOWS\System32\GDI32.dll
0x00007ffc46710000 - 0x00007ffc46892000 	C:\WINDOWS\System32\gdi32full.dll
0x00007ffc390b0000 - 0x00007ffc39329000 	C:\WINDOWS\WinSxS\amd64_microsoft.windows.common-controls_6595b64144ccf1df_6.0.14393.447_none_42191651c6827bb3\COMCTL32.dll
0x00007ffc49bb0000 - 0x00007ffc49e77000 	C:\WINDOWS\System32\combase.dll
0x00007ffc46610000 - 0x00007ffc46705000 	C:\WINDOWS\System32\ucrtbase.dll
0x00007ffc46b10000 - 0x00007ffc46b7a000 	C:\WINDOWS\System32\bcryptPrimitives.dll
0x00007ffc49860000 - 0x00007ffc4988e000 	C:\WINDOWS\System32\IMM32.DLL
0x0000000052b90000 - 0x0000000052c62000 	C:\Program Files\Java\jdk1.8.0_31\jre\bin\msvcr100.dll
0x0000000053050000 - 0x00000000538aa000 	C:\Program Files\Java\jdk1.8.0_31\jre\bin\server\jvm.dll
0x00007ffc495d0000 - 0x00007ffc495d8000 	C:\WINDOWS\System32\PSAPI.DLL
0x00007ffc43880000 - 0x00007ffc43889000 	C:\WINDOWS\SYSTEM32\WSOCK32.dll
0x00007ffc49890000 - 0x00007ffc498fa000 	C:\WINDOWS\System32\WS2_32.dll
0x00007ffc44a90000 - 0x00007ffc44ab3000 	C:\WINDOWS\SYSTEM32\WINMM.dll
0x00007ffc44a30000 - 0x00007ffc44a5b000 	C:\WINDOWS\SYSTEM32\WINMMBASE.dll
0x00007ffc468a0000 - 0x00007ffc468e2000 	C:\WINDOWS\System32\cfgmgr32.dll
0x0000000053040000 - 0x000000005304f000 	C:\Program Files\Java\jdk1.8.0_31\jre\bin\verify.dll
0x0000000053010000 - 0x0000000053038000 	C:\Program Files\Java\jdk1.8.0_31\jre\bin\java.dll
0x0000000052ff0000 - 0x0000000053006000 	C:\Program Files\Java\jdk1.8.0_31\jre\bin\zip.dll
0x00007ffc47ff0000 - 0x00007ffc494f9000 	C:\WINDOWS\System32\SHELL32.dll
0x00007ffc46d50000 - 0x00007ffc4742a000 	C:\WINDOWS\System32\windows.storage.dll
0x00007ffc465c0000 - 0x00007ffc4660c000 	C:\WINDOWS\System32\powrprof.dll
0x00007ffc49b50000 - 0x00007ffc49ba2000 	C:\WINDOWS\System32\shlwapi.dll
0x00007ffc465a0000 - 0x00007ffc465af000 	C:\WINDOWS\System32\kernel.appcore.dll
0x00007ffc46b80000 - 0x00007ffc46c29000 	C:\WINDOWS\System32\shcore.dll
0x00007ffc46580000 - 0x00007ffc46594000 	C:\WINDOWS\System32\profapi.dll
0x00007ffc43650000 - 0x00007ffc437e2000 	C:\WINDOWS\SYSTEM32\dbghelp.dll

VM Arguments:
jvm_args: -Djava.awt.headless=true -Xmx1024M -Dfile.encoding=windows-1252 -Duser.country=IN -Duser.language=en -Duser.variant 
java_command: com.android.dx.command.Main --dex --force-jumbo --num-threads=4 --multi-dex --output C:\Users\prash\AndroidStudioProjects\ScavengerHunt1\app\build\intermediates\transforms\dex\debug\folders\1000\10\com.android.support-cardview-v7-23.2.1_112dbe37919ad7ff02d990b68e75e0c511b0daa2 C:\Users\prash\AndroidStudioProjects\ScavengerHunt1\app\build\intermediates\exploded-aar\com.android.support\cardview-v7\23.2.1\jars\classes.jar
java_class_path (initial): C:\Users\prash\AppData\Local\Android\sdk\build-tools\24.0.1\lib\dx.jar
Launcher Type: SUN_STANDARD

Environment Variables:
PATH=C:\ProgramData\Oracle\Java\javapath;C:\Program Files (x86)\Intel\iCLS Client\;C:\Program Files\Intel\iCLS Client\;C:\WINDOWS\system32;C:\WINDOWS;C:\WINDOWS\System32\Wbem;C:\WINDOWS\System32\WindowsPowerShell\v1.0\;C:\Program Files (x86)\Intel\Intel(R) Management Engine Components\DAL;C:\Program Files\Intel\Intel(R) Management Engine Components\DAL;C:\Program Files (x86)\Intel\Intel(R) Management Engine Components\IPT;C:\Program Files\Intel\Intel(R) Management Engine Components\IPT;C:\Program Files (x86)\Skype\Phone\;C:\Program Files (x86)\Microsoft SQL Server\100\Tools\Binn\;C:\Program Files (x86)\Microsoft SQL Server\100\DTS\Binn\;C:\Program Files (x86)\Microsoft Visual Studio\Common\Tools\WinNT;C:\Program Files (x86)\Microsoft Visual Studio\Common\MSDev98\Bin;C:\Program Files (x86)\Microsoft Visual Studio\Common\Tools;C:\Program Files (x86)\Microsoft Visual Studio\VC98\bin;C:\Program Files (x86)\Nmap;C:\Users\prash\AppData\Local\Microsoft\WindowsApps;C:\Program Files\Java\jdk1.8.0_31\bin
USERNAME=Tyler
OS=Windows_NT
PROCESSOR_IDENTIFIER=Intel64 Family 6 Model 61 Stepping 4, GenuineIntel



---------------  S Y S T E M  ---------------

OS: Windows 8.1 , 64 bit Build 9600 

CPU:total 4 (2 cores per cpu, 2 threads per core) family 6 model 61 stepping 4, cmov, cx8, fxsr, mmx, sse, sse2, sse3, ssse3, sse4.1, sse4.2, popcnt, avx, avx2, aes, clmul, erms, lzcnt, ht, tsc, tscinvbit, bmi1, bmi2

Memory: 4k page, physical 12450516k(3410080k free), swap 16648916k(303416k free)

vm_info: Java HotSpot(TM) 64-Bit Server VM (25.31-b07) for windows-amd64 JRE (1.8.0_31-b13), built on Dec 17 2014 21:00:28 by "java_re" with MS VC++ 10.0 (VS2010)

time: Wed Nov 30 20:56:26 2016
elapsed time: 4 seconds (0d 0h 0m 4s)

