#
# There is insufficient memory for the Java Runtime Environment to continue.
# Native memory allocation (malloc) failed to allocate 262160 bytes for Chunk::new
# Possible reasons:
#   The system is out of physical RAM or swap space
#   In 32 bit mode, the process size limit was hit
# Possible solutions:
#   Reduce memory load on the system
#   Increase physical memory or swap space
#   Check if swap backing store is full
#   Use 64 bit Java on a 64 bit OS
#   Decrease Java heap size (-Xmx/-Xms)
#   Decrease number of Java threads
#   Decrease Java thread stack sizes (-Xss)
#   Set larger code cache with -XX:ReservedCodeCacheSize=
# This output file may be truncated or incomplete.
#
#  Out of Memory Error (allocation.cpp:390), pid=14156, tid=8064
#
# JRE version: Java(TM) SE Runtime Environment (8.0_31-b13) (build 1.8.0_31-b13)
# Java VM: Java HotSpot(TM) 64-Bit Server VM (25.31-b07 mixed mode windows-amd64 compressed oops)
# Failed to write core dump. Minidumps are not enabled by default on client versions of Windows
#

---------------  T H R E A D  ---------------

Current thread (0x0000000014eb0800):  JavaThread "C2 CompilerThread1" daemon [_thread_in_native, id=8064, stack(0x0000000016510000,0x0000000016610000)]

Stack: [0x0000000016510000,0x0000000016610000]
Native frames: (J=compiled Java code, j=interpreted, Vv=VM code, C=native code)
V  [jvm.dll+0x3169ba]
V  [jvm.dll+0x2674c3]
V  [jvm.dll+0x268103]
V  [jvm.dll+0x25f8f5]
V  [jvm.dll+0xbf025]
V  [jvm.dll+0xbf4cc]
V  [jvm.dll+0xbf774]
V  [jvm.dll+0x4cfb00]
V  [jvm.dll+0x44bfd5]
V  [jvm.dll+0x4e6c6b]
V  [jvm.dll+0x454073]
V  [jvm.dll+0x437c62]
V  [jvm.dll+0x988e2]
V  [jvm.dll+0x990d3]
V  [jvm.dll+0x22c194]
V  [jvm.dll+0x28576a]
C  [msvcr100.dll+0x21d9f]
C  [msvcr100.dll+0x21e3b]
C  [KERNEL32.DLL+0x8364]
C  [ntdll.dll+0x65e91]


Current CompileTask:
C2:   6285 1702   !   4       com.android.dx.cf.code.BytecodeArray::parseInstruction (2764 bytes)


---------------  P R O C E S S  ---------------

Java Threads: ( => current thread )
  0x0000000016bdd800 JavaThread "pool-2-thread-4" [_thread_blocked, id=1432, stack(0x0000000017110000,0x0000000017210000)]
  0x0000000016bdc800 JavaThread "pool-2-thread-3" [_thread_in_Java, id=9956, stack(0x0000000017010000,0x0000000017110000)]
  0x0000000016bda000 JavaThread "pool-2-thread-2" [_thread_in_vm, id=3324, stack(0x0000000016f10000,0x0000000017010000)]
  0x0000000016b61000 JavaThread "pool-3-thread-1" [_thread_blocked, id=12388, stack(0x0000000016e10000,0x0000000016f10000)]
  0x0000000016b60800 JavaThread "pool-2-thread-1" [_thread_blocked, id=9500, stack(0x0000000016d10000,0x0000000016e10000)]
  0x0000000014f08800 JavaThread "Service Thread" daemon [_thread_blocked, id=13424, stack(0x0000000016710000,0x0000000016810000)]
  0x0000000014f01800 JavaThread "C1 CompilerThread2" daemon [_thread_in_native, id=2992, stack(0x0000000016610000,0x0000000016710000)]
=>0x0000000014eb0800 JavaThread "C2 CompilerThread1" daemon [_thread_in_native, id=8064, stack(0x0000000016510000,0x0000000016610000)]
  0x0000000014eae800 JavaThread "C2 CompilerThread0" daemon [_thread_in_native, id=2752, stack(0x0000000016410000,0x0000000016510000)]
  0x0000000014eac000 JavaThread "Attach Listener" daemon [_thread_blocked, id=2256, stack(0x0000000016310000,0x0000000016410000)]
  0x0000000014eab000 JavaThread "Signal Dispatcher" daemon [_thread_blocked, id=7536, stack(0x0000000016210000,0x0000000016310000)]
  0x00000000027d0800 JavaThread "Finalizer" daemon [_thread_blocked, id=8628, stack(0x0000000016110000,0x0000000016210000)]
  0x00000000027cd800 JavaThread "Reference Handler" daemon [_thread_blocked, id=9324, stack(0x0000000016010000,0x0000000016110000)]
  0x0000000000ccd800 JavaThread "main" [_thread_blocked, id=14272, stack(0x0000000002510000,0x0000000002610000)]

Other Threads:
  0x0000000014e75000 VMThread [stack: 0x0000000015f10000,0x0000000016010000] [id=7400]
  0x0000000014f0b800 WatcherThread [stack: 0x0000000016810000,0x0000000016910000] [id=3156]

VM state:not at safepoint (normal execution)

VM Mutex/Monitor currently owned by a thread:  ([mutex/lock_event])
[0x0000000000ccbde0] CodeCache_lock - owner thread: 0x0000000014f01800
[0x00000000026e1c50] Compile_lock - owner thread: 0x0000000000000000

Heap:
 PSYoungGen      total 56832K, used 22456K [0x00000000eab00000, 0x00000000eea00000, 0x0000000100000000)
  eden space 49152K, 30% used [0x00000000eab00000,0x00000000eb96e7d8,0x00000000edb00000)
  from space 7680K, 99% used [0x00000000ee280000,0x00000000ee9ff968,0x00000000eea00000)
  to   space 7680K, 0% used [0x00000000edb00000,0x00000000edb00000,0x00000000ee280000)
 ParOldGen       total 130048K, used 6104K [0x00000000c0000000, 0x00000000c7f00000, 0x00000000eab00000)
  object space 130048K, 4% used [0x00000000c0000000,0x00000000c05f6098,0x00000000c7f00000)
 Metaspace       used 6267K, capacity 7128K, committed 7424K, reserved 1056768K
  class space    used 613K, capacity 656K, committed 768K, reserved 1048576K

Card table byte_map: [0x0000000011ba0000,0x0000000011db0000] byte_map_base: 0x00000000115a0000

Marking Bits: (ParMarkBitMap*) 0x000000005382d4f0
 Begin Bits: [0x0000000012310000, 0x0000000013310000)
 End Bits:   [0x0000000013310000, 0x0000000014310000)

Polling page: 0x0000000000c80000

CodeCache: size=245760Kb used=6854Kb max_used=6855Kb free=238905Kb
 bounds [0x00000000027e0000, 0x0000000002ea0000, 0x00000000117e0000]
 total_blobs=1919 nmethods=1655 adapters=178
 compilation: enabled

Compilation events (10 events):
Event: 6.120 Thread 0x0000000014f01800 1698       2       java.util.Collections$UnmodifiableCollection::size (10 bytes)
Event: 6.120 Thread 0x0000000014f01800 nmethod 1698 0x0000000002e6d8d0 code [0x0000000002e6da40, 0x0000000002e6dbc8]
Event: 6.130 Thread 0x0000000014eae800 nmethod 1688% 0x0000000002e771d0 code [0x0000000002e773c0, 0x0000000002e781b8]
Event: 6.130 Thread 0x0000000014eae800 1667       4       com.android.dx.ssa.SCCP::simulateBlock (54 bytes)
Event: 6.134 Thread 0x0000000014eb0800 nmethod 1529 0x0000000002e90c90 code [0x0000000002e91220, 0x0000000002e938a0]
Event: 6.134 Thread 0x0000000014eb0800 1674       4       com.android.dx.ssa.back.SsaToRop$1::visitBlock (97 bytes)
Event: 6.200 Thread 0x0000000014eb0800 nmethod 1674 0x0000000002e98190 code [0x0000000002e983a0, 0x0000000002e99648]
Event: 6.201 Thread 0x0000000014eb0800 1666       4       com.android.dx.ssa.SsaBasicBlock::exitBlockFixup (58 bytes)
Event: 6.224 Thread 0x0000000014eb0800 nmethod 1666 0x0000000002e7b390 code [0x0000000002e7b500, 0x0000000002e7bfb8]
Event: 6.224 Thread 0x0000000014eb0800 1702   !   4       com.android.dx.cf.code.BytecodeArray::parseInstruction (2764 bytes)

GC Heap History (4 events):
Event: 3.659 GC heap before
{Heap before GC invocations=1 (full 0):
 PSYoungGen      total 56832K, used 49152K [0x00000000eab00000, 0x00000000eea00000, 0x0000000100000000)
  eden space 49152K, 100% used [0x00000000eab00000,0x00000000edb00000,0x00000000edb00000)
  from space 7680K, 0% used [0x00000000ee280000,0x00000000ee280000,0x00000000eea00000)
  to   space 7680K, 0% used [0x00000000edb00000,0x00000000edb00000,0x00000000ee280000)
 ParOldGen       total 130048K, used 0K [0x00000000c0000000, 0x00000000c7f00000, 0x00000000eab00000)
  object space 130048K, 0% used [0x00000000c0000000,0x00000000c0000000,0x00000000c7f00000)
 Metaspace       used 6052K, capacity 7024K, committed 7296K, reserved 1056768K
  class space    used 589K, capacity 616K, committed 640K, reserved 1048576K
Event: 3.697 GC heap after
Heap after GC invocations=1 (full 0):
 PSYoungGen      total 56832K, used 7650K [0x00000000eab00000, 0x00000000eea00000, 0x0000000100000000)
  eden space 49152K, 0% used [0x00000000eab00000,0x00000000eab00000,0x00000000edb00000)
  from space 7680K, 99% used [0x00000000edb00000,0x00000000ee278a48,0x00000000ee280000)
  to   space 7680K, 0% used [0x00000000ee280000,0x00000000ee280000,0x00000000eea00000)
 ParOldGen       total 130048K, used 546K [0x00000000c0000000, 0x00000000c7f00000, 0x00000000eab00000)
  object space 130048K, 0% used [0x00000000c0000000,0x00000000c0088a38,0x00000000c7f00000)
 Metaspace       used 6052K, capacity 7024K, committed 7296K, reserved 1056768K
  class space    used 589K, capacity 616K, committed 640K, reserved 1048576K
}
Event: 5.371 GC heap before
{Heap before GC invocations=2 (full 0):
 PSYoungGen      total 56832K, used 56802K [0x00000000eab00000, 0x00000000eea00000, 0x0000000100000000)
  eden space 49152K, 100% used [0x00000000eab00000,0x00000000edb00000,0x00000000edb00000)
  from space 7680K, 99% used [0x00000000edb00000,0x00000000ee278a48,0x00000000ee280000)
  to   space 7680K, 0% used [0x00000000ee280000,0x00000000ee280000,0x00000000eea00000)
 ParOldGen       total 130048K, used 546K [0x00000000c0000000, 0x00000000c7f00000, 0x00000000eab00000)
  object space 130048K, 0% used [0x00000000c0000000,0x00000000c0088a38,0x00000000c7f00000)
 Metaspace       used 6257K, capacity 7128K, committed 7424K, reserved 1056768K
  class space    used 613K, capacity 656K, committed 768K, reserved 1048576K
Event: 5.662 GC heap after
Heap after GC invocations=2 (full 0):
 PSYoungGen      total 56832K, used 7678K [0x00000000eab00000, 0x00000000eea00000, 0x0000000100000000)
  eden space 49152K, 0% used [0x00000000eab00000,0x00000000eab00000,0x00000000edb00000)
  from space 7680K, 99% used [0x00000000ee280000,0x00000000ee9ff968,0x00000000eea00000)
  to   space 7680K, 0% used [0x00000000edb00000,0x00000000edb00000,0x00000000ee280000)
 ParOldGen       total 130048K, used 6104K [0x00000000c0000000, 0x00000000c7f00000, 0x00000000eab00000)
  object space 130048K, 4% used [0x00000000c0000000,0x00000000c05f6098,0x00000000c7f00000)
 Metaspace       used 6257K, capacity 7128K, committed 7424K, reserved 1056768K
  class space    used 613K, capacity 656K, committed 768K, reserved 1048576K
}

Deoptimization events (10 events):
Event: 3.233 Thread 0x0000000016bda000 Uncommon trap: reason=class_check action=maybe_recompile pc=0x0000000002c9e630 method=java.util.HashMap.putVal(ILjava/lang/Object;Ljava/lang/Object;ZZ)Ljava/lang/Object; @ 203
Event: 3.233 Thread 0x0000000016bda000 Uncommon trap: reason=bimorphic action=maybe_recompile pc=0x0000000002c04c74 method=java.util.HashMap.getNode(ILjava/lang/Object;)Ljava/util/HashMap$Node; @ 126
Event: 3.233 Thread 0x0000000016bda000 Uncommon trap: reason=class_check action=maybe_recompile pc=0x0000000002c9e630 method=java.util.HashMap.putVal(ILjava/lang/Object;Ljava/lang/Object;ZZ)Ljava/lang/Object; @ 203
Event: 3.233 Thread 0x0000000016bda000 Uncommon trap: reason=bimorphic action=maybe_recompile pc=0x0000000002c04c74 method=java.util.HashMap.getNode(ILjava/lang/Object;)Ljava/util/HashMap$Node; @ 126
Event: 3.233 Thread 0x0000000016bda000 Uncommon trap: reason=class_check action=maybe_recompile pc=0x0000000002c9e630 method=java.util.HashMap.putVal(ILjava/lang/Object;Ljava/lang/Object;ZZ)Ljava/lang/Object; @ 203
Event: 3.233 Thread 0x0000000016bda000 Uncommon trap: reason=bimorphic action=maybe_recompile pc=0x0000000002a18bd0 method=java.util.HashMap.getNode(ILjava/lang/Object;)Ljava/util/HashMap$Node; @ 126
Event: 4.144 Thread 0x0000000000ccd800 Uncommon trap: reason=unreached action=reinterpret pc=0x0000000002db23d4 method=com.android.dx.cf.code.BytecodeArray.parseInstruction(ILcom/android/dx/cf/code/BytecodeArray$Visitor;)I @ 1198
Event: 4.677 Thread 0x0000000016bdd800 Uncommon trap: reason=unreached action=reinterpret pc=0x0000000002d0713c method=java.util.HashMap.getNode(ILjava/lang/Object;)Ljava/util/HashMap$Node; @ 84
Event: 4.692 Thread 0x0000000016bdd800 Uncommon trap: reason=unreached action=reinterpret pc=0x0000000002d05cbc method=java.util.HashMap.getNode(ILjava/lang/Object;)Ljava/util/HashMap$Node; @ 84
Event: 4.894 Thread 0x0000000016bda000 Uncommon trap: reason=unreached action=reinterpret pc=0x0000000002dec3dc method=com.android.dx.ssa.SCCP.simulateBranch(Lcom/android/dx/ssa/SsaInsn;)V @ 132

Internal exceptions (10 events):
Event: 3.435 Thread 0x0000000000ccd800 Exception <a 'java/security/PrivilegedActionException'> (0x00000000ece1c3f0) thrown at [C:\workspace\8-2-build-windows-amd64-cygwin\jdk8u31\2394\hotspot\src\share\vm\prims\jvm.cpp, line 1312]
Event: 4.196 Thread 0x0000000016b60800 Exception <a 'java/security/PrivilegedActionException'> (0x00000000eb50f958) thrown at [C:\workspace\8-2-build-windows-amd64-cygwin\jdk8u31\2394\hotspot\src\share\vm\prims\jvm.cpp, line 1312]
Event: 4.197 Thread 0x0000000016b60800 Exception <a 'java/security/PrivilegedActionException'> (0x00000000eb515348) thrown at [C:\workspace\8-2-build-windows-amd64-cygwin\jdk8u31\2394\hotspot\src\share\vm\prims\jvm.cpp, line 1312]
Event: 4.200 Thread 0x0000000016b60800 Exception <a 'java/security/PrivilegedActionException'> (0x00000000eb51aab8) thrown at [C:\workspace\8-2-build-windows-amd64-cygwin\jdk8u31\2394\hotspot\src\share\vm\prims\jvm.cpp, line 1312]
Event: 4.674 Thread 0x0000000016bdd800 Exception <a 'java/lang/ArrayIndexOutOfBoundsException': 18> (0x00000000eb0cc820) thrown at [C:\workspace\8-2-build-windows-amd64-cygwin\jdk8u31\2394\hotspot\src\share\vm\interpreter\interpreterRuntime.cpp, line 366]
Event: 4.675 Thread 0x0000000016bdd800 Exception <a 'java/lang/ArrayIndexOutOfBoundsException'> (0x00000000eb0ce2b8) thrown at [C:\workspace\8-2-build-windows-amd64-cygwin\jdk8u31\2394\hotspot\src\share\vm\runtime\sharedRuntime.cpp, line 604]
Event: 4.676 Thread 0x0000000016bdd800 Exception <a 'java/lang/ArrayIndexOutOfBoundsException'> (0x00000000eb0cf4d0) thrown at [C:\workspace\8-2-build-windows-amd64-cygwin\jdk8u31\2394\hotspot\src\share\vm\runtime\sharedRuntime.cpp, line 604]
Event: 4.927 Thread 0x0000000000ccd800 Exception <a 'java/security/PrivilegedActionException'> (0x00000000ecf2e518) thrown at [C:\workspace\8-2-build-windows-amd64-cygwin\jdk8u31\2394\hotspot\src\share\vm\prims\jvm.cpp, line 1312]
Event: 4.927 Thread 0x0000000000ccd800 Exception <a 'java/security/PrivilegedActionException'> (0x00000000ecf30d00) thrown at [C:\workspace\8-2-build-windows-amd64-cygwin\jdk8u31\2394\hotspot\src\share\vm\prims\jvm.cpp, line 1312]
Event: 6.216 Thread 0x0000000016bdc800 Exception <a 'java/security/PrivilegedActionException'> (0x00000000eb647328) thrown at [C:\workspace\8-2-build-windows-amd64-cygwin\jdk8u31\2394\hotspot\src\share\vm\prims\jvm.cpp, line 1312]

Events (10 events):
Event: 5.172 Thread 0x0000000016bda000 DEOPT PACKING pc=0x0000000002afe4d3 sp=0x000000001700ec40
Event: 5.172 Thread 0x0000000016bda000 DEOPT UNPACKING pc=0x00000000028275bf sp=0x000000001700ea08 mode 0
Event: 5.355 Executing VM operation: ParallelGCFailedAllocation
Event: 5.662 Executing VM operation: ParallelGCFailedAllocation done
Event: 5.746 Thread 0x0000000016bdc800 DEOPT PACKING pc=0x0000000002afe4bc sp=0x000000001710e660
Event: 5.746 Thread 0x0000000016bdc800 DEOPT UNPACKING pc=0x00000000028275bf sp=0x000000001710e428 mode 0
Event: 5.780 Executing VM operation: EnableBiasedLocking
Event: 6.073 Executing VM operation: EnableBiasedLocking done
Event: 6.216 loading class com/android/dx/rop/code/RegisterSpec$1
Event: 6.216 loading class com/android/dx/rop/code/RegisterSpec$1 done


Dynamic libraries:
0x00007ff6d7490000 - 0x00007ff6d74c4000 	C:\Program Files\Java\jdk1.8.0_31\bin\java.exe
0x00007ffc4a120000 - 0x00007ffc4a2f1000 	C:\WINDOWS\SYSTEM32\ntdll.dll
0x00007ffc49500000 - 0x00007ffc495ab000 	C:\WINDOWS\System32\KERNEL32.DLL
0x00007ffc468f0000 - 0x00007ffc46b0d000 	C:\WINDOWS\System32\KERNELBASE.dll
0x00007ffc49f20000 - 0x00007ffc49fc2000 	C:\WINDOWS\System32\ADVAPI32.dll
0x00007ffc49ab0000 - 0x00007ffc49b4e000 	C:\WINDOWS\System32\msvcrt.dll
0x00007ffc495e0000 - 0x00007ffc49639000 	C:\WINDOWS\System32\sechost.dll
0x00007ffc49980000 - 0x00007ffc49aa1000 	C:\WINDOWS\System32\RPCRT4.dll
0x00007ffc47e80000 - 0x00007ffc47fe5000 	C:\WINDOWS\System32\USER32.dll
0x00007ffc46d30000 - 0x00007ffc46d4e000 	C:\WINDOWS\System32\win32u.dll
0x00007ffc49fd0000 - 0x00007ffc4a004000 	C:\WINDOWS\System32\GDI32.dll
0x00007ffc46710000 - 0x00007ffc46892000 	C:\WINDOWS\System32\gdi32full.dll
0x00007ffc390b0000 - 0x00007ffc39329000 	C:\WINDOWS\WinSxS\amd64_microsoft.windows.common-controls_6595b64144ccf1df_6.0.14393.447_none_42191651c6827bb3\COMCTL32.dll
0x00007ffc49bb0000 - 0x00007ffc49e77000 	C:\WINDOWS\System32\combase.dll
0x00007ffc46610000 - 0x00007ffc46705000 	C:\WINDOWS\System32\ucrtbase.dll
0x00007ffc46b10000 - 0x00007ffc46b7a000 	C:\WINDOWS\System32\bcryptPrimitives.dll
0x00007ffc49860000 - 0x00007ffc4988e000 	C:\WINDOWS\System32\IMM32.DLL
0x0000000052b90000 - 0x0000000052c62000 	C:\Program Files\Java\jdk1.8.0_31\jre\bin\msvcr100.dll
0x0000000053050000 - 0x00000000538aa000 	C:\Program Files\Java\jdk1.8.0_31\jre\bin\server\jvm.dll
0x00007ffc495d0000 - 0x00007ffc495d8000 	C:\WINDOWS\System32\PSAPI.DLL
0x00007ffc43880000 - 0x00007ffc43889000 	C:\WINDOWS\SYSTEM32\WSOCK32.dll
0x00007ffc49890000 - 0x00007ffc498fa000 	C:\WINDOWS\System32\WS2_32.dll
0x00007ffc44a90000 - 0x00007ffc44ab3000 	C:\WINDOWS\SYSTEM32\WINMM.dll
0x00007ffc44a30000 - 0x00007ffc44a5b000 	C:\WINDOWS\SYSTEM32\WINMMBASE.dll
0x00007ffc468a0000 - 0x00007ffc468e2000 	C:\WINDOWS\System32\cfgmgr32.dll
0x0000000053040000 - 0x000000005304f000 	C:\Program Files\Java\jdk1.8.0_31\jre\bin\verify.dll
0x0000000053010000 - 0x0000000053038000 	C:\Program Files\Java\jdk1.8.0_31\jre\bin\java.dll
0x0000000052ff0000 - 0x0000000053006000 	C:\Program Files\Java\jdk1.8.0_31\jre\bin\zip.dll
0x00007ffc47ff0000 - 0x00007ffc494f9000 	C:\WINDOWS\System32\SHELL32.dll
0x00007ffc46d50000 - 0x00007ffc4742a000 	C:\WINDOWS\System32\windows.storage.dll
0x00007ffc465c0000 - 0x00007ffc4660c000 	C:\WINDOWS\System32\powrprof.dll
0x00007ffc49b50000 - 0x00007ffc49ba2000 	C:\WINDOWS\System32\shlwapi.dll
0x00007ffc465a0000 - 0x00007ffc465af000 	C:\WINDOWS\System32\kernel.appcore.dll
0x00007ffc46b80000 - 0x00007ffc46c29000 	C:\WINDOWS\System32\shcore.dll
0x00007ffc46580000 - 0x00007ffc46594000 	C:\WINDOWS\System32\profapi.dll
0x00007ffc43650000 - 0x00007ffc437e2000 	C:\WINDOWS\SYSTEM32\dbghelp.dll

VM Arguments:
jvm_args: -Djava.awt.headless=true -Xmx1024M -Dfile.encoding=windows-1252 -Duser.country=IN -Duser.language=en -Duser.variant 
java_command: com.android.dx.command.Main --dex --force-jumbo --num-threads=4 --multi-dex --output C:\Users\prash\AndroidStudioProjects\ScavengerHunt1\app\build\intermediates\transforms\dex\debug\folders\1000\10\com.android.support-recyclerview-v7-24.2.0_0241c2ce17fbd50676012aa5c4375486fdf5e7cb C:\Users\prash\AndroidStudioProjects\ScavengerHunt1\app\build\intermediates\exploded-aar\com.android.support\recyclerview-v7\24.2.0\jars\classes.jar
java_class_path (initial): C:\Users\prash\AppData\Local\Android\sdk\build-tools\24.0.1\lib\dx.jar
Launcher Type: SUN_STANDARD

Environment Variables:
PATH=C:\ProgramData\Oracle\Java\javapath;C:\Program Files (x86)\Intel\iCLS Client\;C:\Program Files\Intel\iCLS Client\;C:\WINDOWS\system32;C:\WINDOWS;C:\WINDOWS\System32\Wbem;C:\WINDOWS\System32\WindowsPowerShell\v1.0\;C:\Program Files (x86)\Intel\Intel(R) Management Engine Components\DAL;C:\Program Files\Intel\Intel(R) Management Engine Components\DAL;C:\Program Files (x86)\Intel\Intel(R) Management Engine Components\IPT;C:\Program Files\Intel\Intel(R) Management Engine Components\IPT;C:\Program Files (x86)\Skype\Phone\;C:\Program Files (x86)\Microsoft SQL Server\100\Tools\Binn\;C:\Program Files (x86)\Microsoft SQL Server\100\DTS\Binn\;C:\Program Files (x86)\Microsoft Visual Studio\Common\Tools\WinNT;C:\Program Files (x86)\Microsoft Visual Studio\Common\MSDev98\Bin;C:\Program Files (x86)\Microsoft Visual Studio\Common\Tools;C:\Program Files (x86)\Microsoft Visual Studio\VC98\bin;C:\Program Files (x86)\Nmap;C:\Users\prash\AppData\Local\Microsoft\WindowsApps;C:\Program Files\Java\jdk1.8.0_31\bin
USERNAME=Tyler
OS=Windows_NT
PROCESSOR_IDENTIFIER=Intel64 Family 6 Model 61 Stepping 4, GenuineIntel



---------------  S Y S T E M  ---------------

OS: Windows 8.1 , 64 bit Build 9600 

CPU:total 4 (2 cores per cpu, 2 threads per core) family 6 model 61 stepping 4, cmov, cx8, fxsr, mmx, sse, sse2, sse3, ssse3, sse4.1, sse4.2, popcnt, avx, avx2, aes, clmul, erms, lzcnt, ht, tsc, tscinvbit, bmi1, bmi2

Memory: 4k page, physical 12450516k(3294820k free), swap 16648916k(5280k free)

vm_info: Java HotSpot(TM) 64-Bit Server VM (25.31-b07) for windows-amd64 JRE (1.8.0_31-b13), built on Dec 17 2014 21:00:28 by "java_re" with MS VC++ 10.0 (VS2010)

time: Wed Nov 30 20:56:25 2016
elapsed time: 6 seconds (0d 0h 0m 6s)

