#
# There is insufficient memory for the Java Runtime Environment to continue.
# Native memory allocation (malloc) failed to allocate 32744 bytes for ChunkPool::allocate
# Possible reasons:
#   The system is out of physical RAM or swap space
#   In 32 bit mode, the process size limit was hit
# Possible solutions:
#   Reduce memory load on the system
#   Increase physical memory or swap space
#   Check if swap backing store is full
#   Use 64 bit Java on a 64 bit OS
#   Decrease Java heap size (-Xmx/-Xms)
#   Decrease number of Java threads
#   Decrease Java thread stack sizes (-Xss)
#   Set larger code cache with -XX:ReservedCodeCacheSize=
# This output file may be truncated or incomplete.
#
#  Out of Memory Error (allocation.cpp:273), pid=1764, tid=1432
#
# JRE version: Java(TM) SE Runtime Environment (8.0_31-b13) (build 1.8.0_31-b13)
# Java VM: Java HotSpot(TM) 64-Bit Server VM (25.31-b07 mixed mode windows-amd64 compressed oops)
# Failed to write core dump. Minidumps are not enabled by default on client versions of Windows
#

---------------  T H R E A D  ---------------

Current thread (0x00000000154de800):  JavaThread "C2 CompilerThread0" daemon [_thread_in_native, id=1432, stack(0x0000000016a50000,0x0000000016b50000)]

Stack: [0x0000000016a50000,0x0000000016b50000]
Native frames: (J=compiled Java code, j=interpreted, Vv=VM code, C=native code)
V  [jvm.dll+0x3169ba]


Current CompileTask:
C2:   6218 1883       4       com.android.dx.ssa.SCCP::simulatePhiBlock (50 bytes)


---------------  P R O C E S S  ---------------

Java Threads: ( => current thread )
  0x000000001715c800 JavaThread "pool-2-thread-4" [_thread_in_Java, id=9232, stack(0x0000000017750000,0x0000000017850000)]
  0x000000001715b800 JavaThread "pool-2-thread-3" [_thread_in_vm, id=12332, stack(0x0000000017650000,0x0000000017750000)]
  0x000000001715b000 JavaThread "pool-2-thread-2" [_thread_in_Java, id=12424, stack(0x0000000017550000,0x0000000017650000)]
  0x000000001715a000 JavaThread "pool-3-thread-1" [_thread_blocked, id=9260, stack(0x0000000017450000,0x0000000017550000)]
  0x0000000017157800 JavaThread "pool-2-thread-1" [_thread_in_Java, id=6440, stack(0x0000000017350000,0x0000000017450000)]
  0x000000001553d000 JavaThread "Service Thread" daemon [_thread_blocked, id=10916, stack(0x0000000016d50000,0x0000000016e50000)]
  0x0000000015535000 JavaThread "C1 CompilerThread2" daemon [_thread_blocked, id=6548, stack(0x0000000016c50000,0x0000000016d50000)]
  0x00000000154ff800 JavaThread "C2 CompilerThread1" daemon [_thread_in_native, id=7064, stack(0x0000000016b50000,0x0000000016c50000)]
=>0x00000000154de800 JavaThread "C2 CompilerThread0" daemon [_thread_in_native, id=1432, stack(0x0000000016a50000,0x0000000016b50000)]
  0x00000000154dc000 JavaThread "Attach Listener" daemon [_thread_blocked, id=9956, stack(0x0000000016950000,0x0000000016a50000)]
  0x00000000154db000 JavaThread "Signal Dispatcher" daemon [_thread_blocked, id=3324, stack(0x0000000016850000,0x0000000016950000)]
  0x0000000002e00800 JavaThread "Finalizer" daemon [_thread_blocked, id=12388, stack(0x0000000016740000,0x0000000016840000)]
  0x0000000002dfd800 JavaThread "Reference Handler" daemon [_thread_blocked, id=10216, stack(0x0000000016640000,0x0000000016740000)]
  0x0000000002c0d800 JavaThread "main" [_thread_in_Java, id=10212, stack(0x0000000002ab0000,0x0000000002bb0000)]

Other Threads:
  0x00000000154a5000 VMThread [stack: 0x0000000016540000,0x0000000016640000] [id=3720]
  0x000000001553e800 WatcherThread [stack: 0x0000000017250000,0x0000000017350000] [id=4316]

VM state:not at safepoint (normal execution)

VM Mutex/Monitor currently owned by a thread: None

Heap:
 PSYoungGen      total 56832K, used 48319K [0x00000000eab00000, 0x00000000eea00000, 0x0000000100000000)
  eden space 49152K, 82% used [0x00000000eab00000,0x00000000ed2b60a0,0x00000000edb00000)
  from space 7680K, 99% used [0x00000000edb00000,0x00000000ee279e50,0x00000000ee280000)
  to   space 7680K, 0% used [0x00000000ee280000,0x00000000ee280000,0x00000000eea00000)
 ParOldGen       total 130048K, used 13831K [0x00000000c0000000, 0x00000000c7f00000, 0x00000000eab00000)
  object space 130048K, 10% used [0x00000000c0000000,0x00000000c0d81fd0,0x00000000c7f00000)
 Metaspace       used 6247K, capacity 7152K, committed 7296K, reserved 1056768K
  class space    used 592K, capacity 616K, committed 640K, reserved 1048576K

Card table byte_map: [0x00000000121d0000,0x00000000123e0000] byte_map_base: 0x0000000011bd0000

Marking Bits: (ParMarkBitMap*) 0x000000005382d4f0
 Begin Bits: [0x0000000012940000, 0x0000000013940000)
 End Bits:   [0x0000000013940000, 0x0000000014940000)

Polling page: 0x0000000002bb0000

CodeCache: size=245760Kb used=7410Kb max_used=7417Kb free=238349Kb
 bounds [0x0000000002e10000, 0x0000000003560000, 0x0000000011e10000]
 total_blobs=2098 nmethods=1833 adapters=178
 compilation: enabled

Compilation events (10 events):
Event: 6.189 Thread 0x00000000154de800 nmethod 1877 0x000000000354fed0 code [0x0000000003550020, 0x00000000035502d8]
Event: 6.189 Thread 0x00000000154de800 1883       4       com.android.dx.ssa.SCCP::simulatePhiBlock (50 bytes)
Event: 6.189 Thread 0x0000000015535000 1887       2       com.android.dx.cf.direct.AnnotationParser::requireLength (22 bytes)
Event: 6.190 Thread 0x0000000015535000 nmethod 1887 0x00000000035370d0 code [0x0000000003537240, 0x0000000003537478]
Event: 6.197 Thread 0x0000000015535000 1889       2       com.android.dx.rop.cst.CstLiteral32::isCategory2 (2 bytes)
Event: 6.197 Thread 0x0000000015535000 nmethod 1889 0x000000000354fb90 code [0x000000000354fce0, 0x000000000354fe30]
Event: 6.204 Thread 0x0000000015535000 1891       2       com.android.dx.ssa.NormalSsaInsn::clone (5 bytes)
Event: 6.204 Thread 0x0000000015535000 nmethod 1891 0x000000000353bad0 code [0x000000000353bc40, 0x000000000353beb8]
Event: 6.204 Thread 0x0000000015535000 1892       2       com.android.dx.ssa.NormalSsaInsn::clone (8 bytes)
Event: 6.205 Thread 0x0000000015535000 nmethod 1892 0x000000000353b590 code [0x000000000353b700, 0x000000000353b978]

GC Heap History (6 events):
Event: 3.967 GC heap before
{Heap before GC invocations=1 (full 0):
 PSYoungGen      total 56832K, used 49152K [0x00000000eab00000, 0x00000000eea00000, 0x0000000100000000)
  eden space 49152K, 100% used [0x00000000eab00000,0x00000000edb00000,0x00000000edb00000)
  from space 7680K, 0% used [0x00000000ee280000,0x00000000ee280000,0x00000000eea00000)
  to   space 7680K, 0% used [0x00000000edb00000,0x00000000edb00000,0x00000000ee280000)
 ParOldGen       total 130048K, used 0K [0x00000000c0000000, 0x00000000c7f00000, 0x00000000eab00000)
  object space 130048K, 0% used [0x00000000c0000000,0x00000000c0000000,0x00000000c7f00000)
 Metaspace       used 6058K, capacity 7024K, committed 7296K, reserved 1056768K
  class space    used 591K, capacity 616K, committed 640K, reserved 1048576K
Event: 3.981 GC heap after
Heap after GC invocations=1 (full 0):
 PSYoungGen      total 56832K, used 7656K [0x00000000eab00000, 0x00000000eea00000, 0x0000000100000000)
  eden space 49152K, 0% used [0x00000000eab00000,0x00000000eab00000,0x00000000edb00000)
  from space 7680K, 99% used [0x00000000edb00000,0x00000000ee27a158,0x00000000ee280000)
  to   space 7680K, 0% used [0x00000000ee280000,0x00000000ee280000,0x00000000eea00000)
 ParOldGen       total 130048K, used 754K [0x00000000c0000000, 0x00000000c7f00000, 0x00000000eab00000)
  object space 130048K, 0% used [0x00000000c0000000,0x00000000c00bcbd0,0x00000000c7f00000)
 Metaspace       used 6058K, capacity 7024K, committed 7296K, reserved 1056768K
  class space    used 591K, capacity 616K, committed 640K, reserved 1048576K
}
Event: 4.883 GC heap before
{Heap before GC invocations=2 (full 0):
 PSYoungGen      total 56832K, used 56808K [0x00000000eab00000, 0x00000000eea00000, 0x0000000100000000)
  eden space 49152K, 100% used [0x00000000eab00000,0x00000000edb00000,0x00000000edb00000)
  from space 7680K, 99% used [0x00000000edb00000,0x00000000ee27a158,0x00000000ee280000)
  to   space 7680K, 0% used [0x00000000ee280000,0x00000000ee280000,0x00000000eea00000)
 ParOldGen       total 130048K, used 754K [0x00000000c0000000, 0x00000000c7f00000, 0x00000000eab00000)
  object space 130048K, 0% used [0x00000000c0000000,0x00000000c00bcbd0,0x00000000c7f00000)
 Metaspace       used 6193K, capacity 7088K, committed 7296K, reserved 1056768K
  class space    used 592K, capacity 616K, committed 640K, reserved 1048576K
Event: 5.022 GC heap after
Heap after GC invocations=2 (full 0):
 PSYoungGen      total 56832K, used 7672K [0x00000000eab00000, 0x00000000eea00000, 0x0000000100000000)
  eden space 49152K, 0% used [0x00000000eab00000,0x00000000eab00000,0x00000000edb00000)
  from space 7680K, 99% used [0x00000000ee280000,0x00000000ee9fe1e0,0x00000000eea00000)
  to   space 7680K, 0% used [0x00000000edb00000,0x00000000edb00000,0x00000000ee280000)
 ParOldGen       total 130048K, used 6473K [0x00000000c0000000, 0x00000000c7f00000, 0x00000000eab00000)
  object space 130048K, 4% used [0x00000000c0000000,0x00000000c06527a8,0x00000000c7f00000)
 Metaspace       used 6193K, capacity 7088K, committed 7296K, reserved 1056768K
  class space    used 592K, capacity 616K, committed 640K, reserved 1048576K
}
Event: 5.766 GC heap before
{Heap before GC invocations=3 (full 0):
 PSYoungGen      total 56832K, used 56824K [0x00000000eab00000, 0x00000000eea00000, 0x0000000100000000)
  eden space 49152K, 100% used [0x00000000eab00000,0x00000000edb00000,0x00000000edb00000)
  from space 7680K, 99% used [0x00000000ee280000,0x00000000ee9fe1e0,0x00000000eea00000)
  to   space 7680K, 0% used [0x00000000edb00000,0x00000000edb00000,0x00000000ee280000)
 ParOldGen       total 130048K, used 6473K [0x00000000c0000000, 0x00000000c7f00000, 0x00000000eab00000)
  object space 130048K, 4% used [0x00000000c0000000,0x00000000c06527a8,0x00000000c7f00000)
 Metaspace       used 6232K, capacity 7152K, committed 7296K, reserved 1056768K
  class space    used 592K, capacity 616K, committed 640K, reserved 1048576K
Event: 5.869 GC heap after
Heap after GC invocations=3 (full 0):
 PSYoungGen      total 56832K, used 7655K [0x00000000eab00000, 0x00000000eea00000, 0x0000000100000000)
  eden space 49152K, 0% used [0x00000000eab00000,0x00000000eab00000,0x00000000edb00000)
  from space 7680K, 99% used [0x00000000edb00000,0x00000000ee279e50,0x00000000ee280000)
  to   space 7680K, 0% used [0x00000000ee280000,0x00000000ee280000,0x00000000eea00000)
 ParOldGen       total 130048K, used 13831K [0x00000000c0000000, 0x00000000c7f00000, 0x00000000eab00000)
  object space 130048K, 10% used [0x00000000c0000000,0x00000000c0d81fd0,0x00000000c7f00000)
 Metaspace       used 6232K, capacity 7152K, committed 7296K, reserved 1056768K
  class space    used 592K, capacity 616K, committed 640K, reserved 1048576K
}

Deoptimization events (10 events):
Event: 4.242 Thread 0x000000001715c800 Uncommon trap: reason=class_check action=maybe_recompile pc=0x00000000032b0474 method=java.util.HashMap.putVal(ILjava/lang/Object;Ljava/lang/Object;ZZ)Ljava/lang/Object; @ 203
Event: 4.535 Thread 0x0000000002c0d800 Uncommon trap: reason=unloaded action=reinterpret pc=0x00000000032d252c method=com.android.dx.cf.cst.ConstantPoolParser.parse0(ILjava/util/BitSet;)Lcom/android/dx/rop/cst/Constant; @ 198
Event: 4.539 Thread 0x000000001715c800 Uncommon trap: reason=class_check action=maybe_recompile pc=0x00000000032b0474 method=java.util.HashMap.putVal(ILjava/lang/Object;Ljava/lang/Object;ZZ)Ljava/lang/Object; @ 203
Event: 4.561 Thread 0x0000000017157800 Uncommon trap: reason=class_check action=maybe_recompile pc=0x00000000034313c0 method=com.android.dx.rop.code.RegisterSpec.withSimpleType()Lcom/android/dx/rop/code/RegisterSpec; @ 21
Event: 4.563 Thread 0x0000000017157800 Uncommon trap: reason=class_check action=maybe_recompile pc=0x00000000034313c0 method=com.android.dx.rop.code.RegisterSpec.withSimpleType()Lcom/android/dx/rop/code/RegisterSpec; @ 21
Event: 4.603 Thread 0x000000001715c800 Uncommon trap: reason=class_check action=maybe_recompile pc=0x00000000034313c0 method=com.android.dx.rop.code.RegisterSpec.withSimpleType()Lcom/android/dx/rop/code/RegisterSpec; @ 21
Event: 5.025 Thread 0x000000001715c800 Uncommon trap: reason=class_check action=maybe_recompile pc=0x00000000034313c0 method=com.android.dx.rop.code.RegisterSpec.withSimpleType()Lcom/android/dx/rop/code/RegisterSpec; @ 21
Event: 5.509 Thread 0x0000000017157800 Uncommon trap: reason=unreached action=reinterpret pc=0x000000000345a9d8 method=com.android.dx.ssa.SCCP.simulateBranch(Lcom/android/dx/ssa/SsaInsn;)V @ 132
Event: 5.509 Thread 0x0000000017157800 Uncommon trap: reason=unloaded action=reinterpret pc=0x00000000034ab234 method=com.android.dx.ssa.LiteralOpUpgrader$1.visitNonMoveInsn(Lcom/android/dx/ssa/NormalSsaInsn;)V @ 72
Event: 5.518 Thread 0x0000000017157800 Uncommon trap: reason=unreached action=reinterpret pc=0x000000000324809c method=com.android.dx.ssa.SsaMethod.updateOneDefinition(Lcom/android/dx/ssa/SsaInsn;Lcom/android/dx/rop/code/RegisterSpec;)V @ 4

Internal exceptions (10 events):
Event: 2.789 Thread 0x000000001715b000 Exception <a 'java/security/PrivilegedActionException'> (0x00000000ebb48470) thrown at [C:\workspace\8-2-build-windows-amd64-cygwin\jdk8u31\2394\hotspot\src\share\vm\prims\jvm.cpp, line 1312]
Event: 2.886 Thread 0x000000001715b800 Exception <a 'java/security/PrivilegedActionException'> (0x00000000ebe17b38) thrown at [C:\workspace\8-2-build-windows-amd64-cygwin\jdk8u31\2394\hotspot\src\share\vm\prims\jvm.cpp, line 1312]
Event: 2.936 Thread 0x000000001715b000 Exception <a 'java/security/PrivilegedActionException'> (0x00000000ebfae2d0) thrown at [C:\workspace\8-2-build-windows-amd64-cygwin\jdk8u31\2394\hotspot\src\share\vm\prims\jvm.cpp, line 1312]
Event: 3.133 Thread 0x0000000002c0d800 Exception <a 'java/security/PrivilegedActionException'> (0x00000000ec3d7938) thrown at [C:\workspace\8-2-build-windows-amd64-cygwin\jdk8u31\2394\hotspot\src\share\vm\prims\jvm.cpp, line 1312]
Event: 3.135 Thread 0x0000000002c0d800 Exception <a 'java/security/PrivilegedActionException'> (0x00000000ec3eb128) thrown at [C:\workspace\8-2-build-windows-amd64-cygwin\jdk8u31\2394\hotspot\src\share\vm\prims\jvm.cpp, line 1312]
Event: 3.253 Thread 0x000000001715b800 Exception <a 'java/security/PrivilegedActionException'> (0x00000000ec5353c0) thrown at [C:\workspace\8-2-build-windows-amd64-cygwin\jdk8u31\2394\hotspot\src\share\vm\prims\jvm.cpp, line 1312]
Event: 4.024 Thread 0x0000000017157800 Implicit null exception at 0x0000000003142607 to 0x000000000314474d
Event: 4.059 Thread 0x0000000002c0d800 Exception <a 'java/security/PrivilegedActionException'> (0x00000000eb33a870) thrown at [C:\workspace\8-2-build-windows-amd64-cygwin\jdk8u31\2394\hotspot\src\share\vm\prims\jvm.cpp, line 1312]
Event: 4.199 Thread 0x0000000017157800 Implicit null exception at 0x0000000003106047 to 0x000000000310873d
Event: 5.509 Thread 0x0000000017157800 Exception <a 'java/security/PrivilegedActionException'> (0x00000000ec16cf18) thrown at [C:\workspace\8-2-build-windows-amd64-cygwin\jdk8u31\2394\hotspot\src\share\vm\prims\jvm.cpp, line 1312]

Events (10 events):
Event: 5.509 loading class com/android/dx/rop/code/RegOps done
Event: 5.510 Thread 0x0000000017157800 DEOPT PACKING pc=0x00000000034ab234 sp=0x000000001744eb30
Event: 5.518 Thread 0x0000000017157800 DEOPT UNPACKING pc=0x0000000002e5556a sp=0x000000001744eab8 mode 2
Event: 5.518 Thread 0x0000000017157800 Uncommon trap: trap_request=0xffffffad fr.pc=0x000000000324809c
Event: 5.518 Thread 0x0000000017157800 DEOPT PACKING pc=0x000000000324809c sp=0x000000001744e930
Event: 5.518 Thread 0x0000000017157800 DEOPT UNPACKING pc=0x0000000002e5556a sp=0x000000001744e8d8 mode 2
Event: 5.734 Executing VM operation: EnableBiasedLocking
Event: 5.735 Executing VM operation: EnableBiasedLocking done
Event: 5.766 Executing VM operation: ParallelGCFailedAllocation
Event: 5.869 Executing VM operation: ParallelGCFailedAllocation done


Dynamic libraries:
0x00007ff6d7490000 - 0x00007ff6d74c4000 	C:\Program Files\Java\jdk1.8.0_31\bin\java.exe
0x00007ffc4a120000 - 0x00007ffc4a2f1000 	C:\WINDOWS\SYSTEM32\ntdll.dll
0x00007ffc49500000 - 0x00007ffc495ab000 	C:\WINDOWS\System32\KERNEL32.DLL
0x00007ffc468f0000 - 0x00007ffc46b0d000 	C:\WINDOWS\System32\KERNELBASE.dll
0x00007ffc49f20000 - 0x00007ffc49fc2000 	C:\WINDOWS\System32\ADVAPI32.dll
0x00007ffc49ab0000 - 0x00007ffc49b4e000 	C:\WINDOWS\System32\msvcrt.dll
0x00007ffc495e0000 - 0x00007ffc49639000 	C:\WINDOWS\System32\sechost.dll
0x00007ffc49980000 - 0x00007ffc49aa1000 	C:\WINDOWS\System32\RPCRT4.dll
0x00007ffc47e80000 - 0x00007ffc47fe5000 	C:\WINDOWS\System32\USER32.dll
0x00007ffc46d30000 - 0x00007ffc46d4e000 	C:\WINDOWS\System32\win32u.dll
0x00007ffc49fd0000 - 0x00007ffc4a004000 	C:\WINDOWS\System32\GDI32.dll
0x00007ffc46710000 - 0x00007ffc46892000 	C:\WINDOWS\System32\gdi32full.dll
0x00007ffc390b0000 - 0x00007ffc39329000 	C:\WINDOWS\WinSxS\amd64_microsoft.windows.common-controls_6595b64144ccf1df_6.0.14393.447_none_42191651c6827bb3\COMCTL32.dll
0x00007ffc49bb0000 - 0x00007ffc49e77000 	C:\WINDOWS\System32\combase.dll
0x00007ffc46610000 - 0x00007ffc46705000 	C:\WINDOWS\System32\ucrtbase.dll
0x00007ffc46b10000 - 0x00007ffc46b7a000 	C:\WINDOWS\System32\bcryptPrimitives.dll
0x00007ffc49860000 - 0x00007ffc4988e000 	C:\WINDOWS\System32\IMM32.DLL
0x0000000052b90000 - 0x0000000052c62000 	C:\Program Files\Java\jdk1.8.0_31\jre\bin\msvcr100.dll
0x0000000053050000 - 0x00000000538aa000 	C:\Program Files\Java\jdk1.8.0_31\jre\bin\server\jvm.dll
0x00007ffc495d0000 - 0x00007ffc495d8000 	C:\WINDOWS\System32\PSAPI.DLL
0x00007ffc43880000 - 0x00007ffc43889000 	C:\WINDOWS\SYSTEM32\WSOCK32.dll
0x00007ffc49890000 - 0x00007ffc498fa000 	C:\WINDOWS\System32\WS2_32.dll
0x00007ffc44a90000 - 0x00007ffc44ab3000 	C:\WINDOWS\SYSTEM32\WINMM.dll
0x00007ffc44a30000 - 0x00007ffc44a5b000 	C:\WINDOWS\SYSTEM32\WINMMBASE.dll
0x00007ffc468a0000 - 0x00007ffc468e2000 	C:\WINDOWS\System32\cfgmgr32.dll
0x0000000053040000 - 0x000000005304f000 	C:\Program Files\Java\jdk1.8.0_31\jre\bin\verify.dll
0x0000000053010000 - 0x0000000053038000 	C:\Program Files\Java\jdk1.8.0_31\jre\bin\java.dll
0x0000000052ff0000 - 0x0000000053006000 	C:\Program Files\Java\jdk1.8.0_31\jre\bin\zip.dll
0x00007ffc47ff0000 - 0x00007ffc494f9000 	C:\WINDOWS\System32\SHELL32.dll
0x00007ffc46d50000 - 0x00007ffc4742a000 	C:\WINDOWS\System32\windows.storage.dll
0x00007ffc465c0000 - 0x00007ffc4660c000 	C:\WINDOWS\System32\powrprof.dll
0x00007ffc49b50000 - 0x00007ffc49ba2000 	C:\WINDOWS\System32\shlwapi.dll
0x00007ffc465a0000 - 0x00007ffc465af000 	C:\WINDOWS\System32\kernel.appcore.dll
0x00007ffc46b80000 - 0x00007ffc46c29000 	C:\WINDOWS\System32\shcore.dll
0x00007ffc46580000 - 0x00007ffc46594000 	C:\WINDOWS\System32\profapi.dll
0x00007ffc43650000 - 0x00007ffc437e2000 	C:\WINDOWS\SYSTEM32\dbghelp.dll

VM Arguments:
jvm_args: -Djava.awt.headless=true -Xmx1024M -Dfile.encoding=windows-1252 -Duser.country=IN -Duser.language=en -Duser.variant 
java_command: com.android.dx.command.Main --dex --force-jumbo --num-threads=4 --multi-dex --output C:\Users\prash\AndroidStudioProjects\ScavengerHunt1\app\build\intermediates\transforms\dex\debug\folders\1000\10\com.android.support-appcompat-v7-24.2.0_7d215fd58531fdb213fe7f7e6d5fbdc32076a0a6 C:\Users\prash\AndroidStudioProjects\ScavengerHunt1\app\build\intermediates\exploded-aar\com.android.support\appcompat-v7\24.2.0\jars\classes.jar
java_class_path (initial): C:\Users\prash\AppData\Local\Android\sdk\build-tools\24.0.1\lib\dx.jar
Launcher Type: SUN_STANDARD

Environment Variables:
PATH=C:\ProgramData\Oracle\Java\javapath;C:\Program Files (x86)\Intel\iCLS Client\;C:\Program Files\Intel\iCLS Client\;C:\WINDOWS\system32;C:\WINDOWS;C:\WINDOWS\System32\Wbem;C:\WINDOWS\System32\WindowsPowerShell\v1.0\;C:\Program Files (x86)\Intel\Intel(R) Management Engine Components\DAL;C:\Program Files\Intel\Intel(R) Management Engine Components\DAL;C:\Program Files (x86)\Intel\Intel(R) Management Engine Components\IPT;C:\Program Files\Intel\Intel(R) Management Engine Components\IPT;C:\Program Files (x86)\Skype\Phone\;C:\Program Files (x86)\Microsoft SQL Server\100\Tools\Binn\;C:\Program Files (x86)\Microsoft SQL Server\100\DTS\Binn\;C:\Program Files (x86)\Microsoft Visual Studio\Common\Tools\WinNT;C:\Program Files (x86)\Microsoft Visual Studio\Common\MSDev98\Bin;C:\Program Files (x86)\Microsoft Visual Studio\Common\Tools;C:\Program Files (x86)\Microsoft Visual Studio\VC98\bin;C:\Program Files (x86)\Nmap;C:\Users\prash\AppData\Local\Microsoft\WindowsApps;C:\Program Files\Java\jdk1.8.0_31\bin
USERNAME=Tyler
OS=Windows_NT
PROCESSOR_IDENTIFIER=Intel64 Family 6 Model 61 Stepping 4, GenuineIntel



---------------  S Y S T E M  ---------------

OS: Windows 8.1 , 64 bit Build 9600 

CPU:total 4 (2 cores per cpu, 2 threads per core) family 6 model 61 stepping 4, cmov, cx8, fxsr, mmx, sse, sse2, sse3, ssse3, sse4.1, sse4.2, popcnt, avx, avx2, aes, clmul, erms, lzcnt, ht, tsc, tscinvbit, bmi1, bmi2

Memory: 4k page, physical 12450516k(3290576k free), swap 16648916k(8968k free)

vm_info: Java HotSpot(TM) 64-Bit Server VM (25.31-b07) for windows-amd64 JRE (1.8.0_31-b13), built on Dec 17 2014 21:00:28 by "java_re" with MS VC++ 10.0 (VS2010)

time: Wed Nov 30 20:56:18 2016
elapsed time: 6 seconds (0d 0h 0m 6s)

